Start time: Mon Oct 26 14:37:47 2020

              |==============================|
              |        REGENIE v1.0.5.9      |
              |==============================|

Copyright (c) 2020 Joelle Mbatchou and Jonathan Marchini.
Distributed under the MIT License.

Log of output saved in file : /home/ubuntu/biroli/geighei/data/GWAS_sumstats/construction/dpw/split_sample/ukb_dpw.log

Options in effect:
  --step 1 \
  --bed /home/ubuntu/UKB/genomeclean/ukb_non_imputed_best_guess_QC \
  --covarFile /home/ubuntu/biroli/geighei/data/GWAS_sumstats/construction//ukb_covars.txt \
  --phenoFile /home/ubuntu/biroli/geighei/data/GWAS_sumstats/construction//dpw/dpw_pheno.txt \
  --keep /home/ubuntu/biroli/geighei/data/GWAS_sumstats/construction/dpw/split_sample/fold1.txt \
  --bsize 1000 \
  --lowmem \
  --out /home/ubuntu/biroli/geighei/data/GWAS_sumstats/construction/dpw/split_sample/ukb_dpw

Fitting null model
 * bim              : [/home/ubuntu/UKB/genomeclean/ukb_non_imputed_best_guess_QC.bim] n_snps = 445254
 * fam              : [/home/ubuntu/UKB/genomeclean/ukb_non_imputed_best_guess_QC.fam] n_samples = 429216
   -keeping only individuals specified in [/home/ubuntu/biroli/geighei/data/GWAS_sumstats/construction/dpw/split_sample/fold1.txt]
     +number of genotyped individuals to keep in the analysis = 25474
 * bed              : [/home/ubuntu/UKB/genomeclean/ukb_non_imputed_best_guess_QC.bed]
 * phenotypes       : [/home/ubuntu/biroli/geighei/data/GWAS_sumstats/construction//dpw/dpw_pheno.txt] n_pheno = 1
   -dropping observations with missing values at any of the phenotypes
   -number of phenotyped individuals = 25474
   -number of individuals remaining with non-missing phenotypes = 25474
 * covariates       : [/home/ubuntu/biroli/geighei/data/GWAS_sumstats/construction//ukb_covars.txt] n_cov = 22
   -number of individuals with covariate data = 25474
 * number of individuals used in analysis = 25474
   -residualizing and scaling phenotypes...done (1ms) 
 * # threads        : [16]
 * block size       : [1000]
 * # blocks         : [455]
 * # CV folds       : [5]
 * ridge data_l0    : [5 : 0.01 0.25 0.5 0.75 0.99 ]
 * ridge data_l1    : [5 : 0.01 0.25 0.5 0.75 0.99 ]
 * approximate memory usage : 448MB
 * writing level 0 predictions to disk
   -temporary files will have prefix [/home/ubuntu/biroli/geighei/data/GWAS_sumstats/construction/dpw/split_sample/ukb_dpw_l0_Y]
   -approximate disk space needed : 443MB
 * setting memory...done

Chromosome 1
 block [1] : 1000 snps  (1892ms) 
   -residualizing and scaling genotypes...done (977ms) 
   -calc working matrices...done (681ms) 
   -calc level 0 ridge...done (4429ms) 
 block [2] : 1000 snps  (1829ms) 
   -residualizing and scaling genotypes...done (890ms) 
   -calc working matrices...done (605ms) 
   -calc level 0 ridge...done (4273ms) 
 block [3] : 1000 snps  (1783ms) 
   -residualizing and scaling genotypes...done (876ms) 
   -calc working matrices...done (632ms) 
   -calc level 0 ridge...done (4157ms) 
 block [4] : 1000 snps  (1812ms) 
   -residualizing and scaling genotypes...done (872ms) 
   -calc working matrices...done (633ms) 
   -calc level 0 ridge...done (4230ms) 
 block [5] : 1000 snps  (1845ms) 
   -residualizing and scaling genotypes...done (842ms) 
   -calc working matrices...done (641ms) 
   -calc level 0 ridge...done (4251ms) 
 block [6] : 1000 snps  (1824ms) 
   -residualizing and scaling genotypes...done (889ms) 
   -calc working matrices...done (563ms) 
   -calc level 0 ridge...done (4253ms) 
 block [7] : 1000 snps  (1810ms) 
   -residualizing and scaling genotypes...done (887ms) 
   -calc working matrices...done (678ms) 
   -calc level 0 ridge...done (4358ms) 
 block [8] : 1000 snps  (1764ms) 
   -residualizing and scaling genotypes...done (870ms) 
   -calc working matrices...done (562ms) 
   -calc level 0 ridge...done (4176ms) 
 block [9] : 1000 snps  (1821ms) 
   -residualizing and scaling genotypes...done (868ms) 
   -calc working matrices...done (556ms) 
   -calc level 0 ridge...done (4271ms) 
 block [10] : 1000 snps  (1785ms) 
   -residualizing and scaling genotypes...done (852ms) 
   -calc working matrices...done (624ms) 
   -calc level 0 ridge...done (4321ms) 
 block [11] : 1000 snps  (1787ms) 
   -residualizing and scaling genotypes...done (856ms) 
   -calc working matrices...done (614ms) 
   -calc level 0 ridge...done (4343ms) 
 block [12] : 1000 snps  (1795ms) 
   -residualizing and scaling genotypes...done (883ms) 
   -calc working matrices...done (648ms) 
   -calc level 0 ridge...done (4280ms) 
 block [13] : 1000 snps  (1806ms) 
   -residualizing and scaling genotypes...done (909ms) 
   -calc working matrices...done (643ms) 
   -calc level 0 ridge...done (4256ms) 
 block [14] : 1000 snps  (1880ms) 
   -residualizing and scaling genotypes...done (881ms) 
   -calc working matrices...done (640ms) 
   -calc level 0 ridge...done (4253ms) 
 block [15] : 1000 snps  (1850ms) 
   -residualizing and scaling genotypes...done (881ms) 
   -calc working matrices...done (560ms) 
   -calc level 0 ridge...done (4276ms) 
 block [16] : 1000 snps  (1821ms) 
   -residualizing and scaling genotypes...done (861ms) 
   -calc working matrices...done (610ms) 
   -calc level 0 ridge...done (4303ms) 
 block [17] : 1000 snps  (1829ms) 
   -residualizing and scaling genotypes...done (886ms) 
   -calc working matrices...done (646ms) 
   -calc level 0 ridge...done (4318ms) 
 block [18] : 1000 snps  (1838ms) 
   -residualizing and scaling genotypes...done (917ms) 
   -calc working matrices...done (621ms) 
   -calc level 0 ridge...done (4338ms) 
 block [19] : 1000 snps  (1806ms) 
   -residualizing and scaling genotypes...done (889ms) 
   -calc working matrices...done (628ms) 
   -calc level 0 ridge...done (4175ms) 
 block [20] : 1000 snps  (1817ms) 
   -residualizing and scaling genotypes...done (869ms) 
   -calc working matrices...done (754ms) 
   -calc level 0 ridge...done (4234ms) 
 block [21] : 1000 snps  (1820ms) 
   -residualizing and scaling genotypes...done (845ms) 
   -calc working matrices...done (691ms) 
   -calc level 0 ridge...done (4267ms) 
 block [22] : 1000 snps  (1850ms) 
   -residualizing and scaling genotypes...done (861ms) 
   -calc working matrices...done (678ms) 
   -calc level 0 ridge...done (4338ms) 
 block [23] : 1000 snps  (1839ms) 
   -residualizing and scaling genotypes...done (885ms) 
   -calc working matrices...done (639ms) 
   -calc level 0 ridge...done (4130ms) 
 block [24] : 1000 snps  (1854ms) 
   -residualizing and scaling genotypes...done (878ms) 
   -calc working matrices...done (638ms) 
   -calc level 0 ridge...done (4206ms) 
 block [25] : 1000 snps  (1844ms) 
   -residualizing and scaling genotypes...done (895ms) 
   -calc working matrices...done (717ms) 
   -calc level 0 ridge...done (4265ms) 
 block [26] : 1000 snps  (1829ms) 
   -residualizing and scaling genotypes...done (882ms) 
   -calc working matrices...done (649ms) 
   -calc level 0 ridge...done (4250ms) 
 block [27] : 1000 snps  (1840ms) 
   -residualizing and scaling genotypes...done (873ms) 
   -calc working matrices...done (680ms) 
   -calc level 0 ridge...done (4271ms) 
 block [28] : 1000 snps  (1812ms) 
   -residualizing and scaling genotypes...done (854ms) 
   -calc working matrices...done (644ms) 
   -calc level 0 ridge...done (4256ms) 
 block [29] : 1000 snps  (1800ms) 
   -residualizing and scaling genotypes...done (991ms) 
   -calc working matrices...done (792ms) 
   -calc level 0 ridge...done (4365ms) 
 block [30] : 1000 snps  (1899ms) 
   -residualizing and scaling genotypes...done (999ms) 
   -calc working matrices...done (657ms) 
   -calc level 0 ridge...done (4306ms) 
 block [31] : 1000 snps  (1828ms) 
   -residualizing and scaling genotypes...done (919ms) 
   -calc working matrices...done (584ms) 
   -calc level 0 ridge...done (4244ms) 
 block [32] : 1000 snps  (1848ms) 
   -residualizing and scaling genotypes...done (952ms) 
   -calc working matrices...done (681ms) 
   -calc level 0 ridge...done (4367ms) 
 block [33] : 1000 snps  (1863ms) 
   -residualizing and scaling genotypes...done (890ms) 
   -calc working matrices...done (642ms) 
   -calc level 0 ridge...done (4304ms) 
 block [34] : 1000 snps  (1787ms) 
   -residualizing and scaling genotypes...done (856ms) 
   -calc working matrices...done (668ms) 
   -calc level 0 ridge...done (4330ms) 
 block [35] : 489 snps  (897ms) 
   -residualizing and scaling genotypes...done (514ms) 
   -calc working matrices...done (222ms) 
   -calc level 0 ridge...done (571ms) 
Chromosome 2
 block [36] : 1000 snps  (1804ms) 
   -residualizing and scaling genotypes...done (921ms) 
   -calc working matrices...done (714ms) 
   -calc level 0 ridge...done (4202ms) 
 block [37] : 1000 snps  (1863ms) 
   -residualizing and scaling genotypes...done (910ms) 
   -calc working matrices...done (653ms) 
   -calc level 0 ridge...done (4314ms) 
 block [38] : 1000 snps  (1839ms) 
   -residualizing and scaling genotypes...done (852ms) 
   -calc working matrices...done (638ms) 
   -calc level 0 ridge...done (4252ms) 
 block [39] : 1000 snps  (1822ms) 
   -residualizing and scaling genotypes...done (834ms) 
   -calc working matrices...done (660ms) 
   -calc level 0 ridge...done (4291ms) 
 block [40] : 1000 snps  (1756ms) 
   -residualizing and scaling genotypes...done (867ms) 
   -calc working matrices...done (673ms) 
   -calc level 0 ridge...done (4231ms) 
 block [41] : 1000 snps  (1780ms) 
   -residualizing and scaling genotypes...done (857ms) 
   -calc working matrices...done (645ms) 
   -calc level 0 ridge...done (4166ms) 
 block [42] : 1000 snps  (1754ms) 
   -residualizing and scaling genotypes...done (840ms) 
   -calc working matrices...done (643ms) 
   -calc level 0 ridge...done (4228ms) 
 block [43] : 1000 snps  (1741ms) 
   -residualizing and scaling genotypes...done (862ms) 
   -calc working matrices...done (648ms) 
   -calc level 0 ridge...done (4224ms) 
 block [44] : 1000 snps  (1763ms) 
   -residualizing and scaling genotypes...done (848ms) 
   -calc working matrices...done (647ms) 
   -calc level 0 ridge...done (4277ms) 
 block [45] : 1000 snps  (1778ms) 
   -residualizing and scaling genotypes...done (838ms) 
   -calc working matrices...done (704ms) 
   -calc level 0 ridge...done (4288ms) 
 block [46] : 1000 snps  (1840ms) 
   -residualizing and scaling genotypes...done (865ms) 
   -calc working matrices...done (550ms) 
   -calc level 0 ridge...done (4193ms) 
 block [47] : 1000 snps  (1808ms) 
   -residualizing and scaling genotypes...done (869ms) 
   -calc working matrices...done (660ms) 
   -calc level 0 ridge...done (4332ms) 
 block [48] : 1000 snps  (1784ms) 
   -residualizing and scaling genotypes...done (859ms) 
   -calc working matrices...done (637ms) 
   -calc level 0 ridge...done (4241ms) 
 block [49] : 1000 snps  (1776ms) 
   -residualizing and scaling genotypes...done (845ms) 
   -calc working matrices...done (557ms) 
   -calc level 0 ridge...done (4229ms) 
 block [50] : 1000 snps  (1798ms) 
   -residualizing and scaling genotypes...done (846ms) 
   -calc working matrices...done (635ms) 
   -calc level 0 ridge...done (4168ms) 
 block [51] : 1000 snps  (1844ms) 
   -residualizing and scaling genotypes...done (844ms) 
   -calc working matrices...done (639ms) 
   -calc level 0 ridge...done (4187ms) 
 block [52] : 1000 snps  (1788ms) 
   -residualizing and scaling genotypes...done (858ms) 
   -calc working matrices...done (635ms) 
   -calc level 0 ridge...done (4290ms) 
 block [53] : 1000 snps  (1815ms) 
   -residualizing and scaling genotypes...done (815ms) 
   -calc working matrices...done (657ms) 
   -calc level 0 ridge...done (4289ms) 
 block [54] : 1000 snps  (1764ms) 
   -residualizing and scaling genotypes...done (854ms) 
   -calc working matrices...done (639ms) 
   -calc level 0 ridge...done (4250ms) 
 block [55] : 1000 snps  (1790ms) 
   -residualizing and scaling genotypes...done (831ms) 
   -calc working matrices...done (648ms) 
   -calc level 0 ridge...done (4224ms) 
 block [56] : 1000 snps  (1780ms) 
   -residualizing and scaling genotypes...done (842ms) 
   -calc working matrices...done (636ms) 
   -calc level 0 ridge...done (4348ms) 
 block [57] : 1000 snps  (1772ms) 
   -residualizing and scaling genotypes...done (838ms) 
   -calc working matrices...done (560ms) 
   -calc level 0 ridge...done (4210ms) 
 block [58] : 1000 snps  (1754ms) 
   -residualizing and scaling genotypes...done (848ms) 
   -calc working matrices...done (630ms) 
   -calc level 0 ridge...done (4199ms) 
 block [59] : 1000 snps  (1761ms) 
   -residualizing and scaling genotypes...done (833ms) 
   -calc working matrices...done (626ms) 
   -calc level 0 ridge...done (4112ms) 
 block [60] : 1000 snps  (1826ms) 
   -residualizing and scaling genotypes...done (831ms) 
   -calc working matrices...done (641ms) 
   -calc level 0 ridge...done (4223ms) 
 block [61] : 1000 snps  (1749ms) 
   -residualizing and scaling genotypes...done (835ms) 
   -calc working matrices...done (651ms) 
   -calc level 0 ridge...done (4158ms) 
 block [62] : 1000 snps  (1765ms) 
   -residualizing and scaling genotypes...done (849ms) 
   -calc working matrices...done (643ms) 
   -calc level 0 ridge...done (4216ms) 
 block [63] : 1000 snps  (1812ms) 
   -residualizing and scaling genotypes...done (830ms) 
   -calc working matrices...done (668ms) 
   -calc level 0 ridge...done (4170ms) 
 block [64] : 1000 snps  (1753ms) 
   -residualizing and scaling genotypes...done (882ms) 
   -calc working matrices...done (800ms) 
   -calc level 0 ridge...done (4265ms) 
 block [65] : 1000 snps  (1837ms) 
   -residualizing and scaling genotypes...done (851ms) 
   -calc working matrices...done (681ms) 
   -calc level 0 ridge...done (4319ms) 
 block [66] : 1000 snps  (1814ms) 
   -residualizing and scaling genotypes...done (892ms) 
   -calc working matrices...