Start time: Mon Oct 12 08:41:56 2020

              |==============================|
              |        REGENIE v1.0.5.9      |
              |==============================|

Copyright (c) 2020 Joelle Mbatchou and Jonathan Marchini.
Distributed under the MIT License.

Log of output saved in file : /home/ubuntu/biroli/geighei/data/GWAS_sumstats/construction/dpw/full/ukb_dpw.log

Options in effect:
  --step 1 \
  --bed /home/ubuntu/UKB/genomeclean/ukb_non_imputed_best_guess_QC \
  --covarFile /home/ubuntu/biroli/geighei/data/GWAS_sumstats/construction/ukb_covars.txt \
  --phenoFile /home/ubuntu/biroli/geighei/data/GWAS_sumstats/construction/dpw/dpw_pheno.txt \
  --bsize 1000 \
  --lowmem \
  --out /home/ubuntu/biroli/geighei/data/GWAS_sumstats/construction/dpw/full/ukb_dpw

Fitting null model
 * bim              : [/home/ubuntu/UKB/genomeclean/ukb_non_imputed_best_guess_QC.bim] n_snps = 445254
 * fam              : [/home/ubuntu/UKB/genomeclean/ukb_non_imputed_best_guess_QC.fam] n_samples = 429216
 * bed              : [/home/ubuntu/UKB/genomeclean/ukb_non_imputed_best_guess_QC.bed]
 * phenotypes       : [/home/ubuntu/biroli/geighei/data/GWAS_sumstats/construction/dpw/dpw_pheno.txt] n_pheno = 1
   -dropping observations with missing values at any of the phenotypes
   -number of phenotyped individuals = 254425
   -number of individuals remaining with non-missing phenotypes = 254425
 * covariates       : [/home/ubuntu/biroli/geighei/data/GWAS_sumstats/construction/ukb_covars.txt] n_cov = 22
   -number of individuals with covariate data = 357244
 * number of individuals used in analysis = 254425
   -residualizing and scaling phenotypes...done (18ms) 
 * # threads        : [16]
 * block size       : [1000]
 * # blocks         : [455]
 * # CV folds       : [5]
 * ridge data_l0    : [5 : 0.01 0.25 0.5 0.75 0.99 ]
 * ridge data_l1    : [5 : 0.01 0.25 0.5 0.75 0.99 ]
 * approximate memory usage : 8GB
 * writing level 0 predictions to disk
   -temporary files will have prefix [/home/ubuntu/biroli/geighei/data/GWAS_sumstats/construction/dpw/full/ukb_dpw_l0_Y]
   -approximate disk space needed : 8GB
 * setting memory...done

Chromosome 1
 block [1] : 1000 snps  (23993ms) 
   -residualizing and scaling genotypes...done (13138ms) 
   -calc working matrices...done (8842ms) 
   -calc level 0 ridge...done (6041ms) 
 block [2] : 1000 snps  (31027ms) 
   -residualizing and scaling genotypes...done (13924ms) 
   -calc working matrices...done (8987ms) 
   -calc level 0 ridge...done (6132ms) 
 block [3] : 1000 snps  (32494ms) 
   -residualizing and scaling genotypes...done (14993ms) 
   -calc working matrices...done (9384ms) 
   -calc level 0 ridge...done (6485ms) 
 block [4] : 1000 snps  (32837ms) 
   -residualizing and scaling genotypes...done (14320ms) 
   -calc working matrices...done (8888ms) 
   -calc level 0 ridge...done (6696ms) 
 block [5] : 1000 snps  (31566ms) 
   -residualizing and scaling genotypes...done (14209ms) 
   -calc working matrices...done (8977ms) 
   -calc level 0 ridge...done (6044ms) 
 block [6] : 1000 snps  (31072ms) 
   -residualizing and scaling genotypes...done (14284ms) 
   -calc working matrices...done (8950ms) 
   -calc level 0 ridge...done (6151ms) 
 block [7] : 1000 snps  (31794ms) 
   -residualizing and scaling genotypes...done (14535ms) 
   -calc working matrices...done (9057ms) 
   -calc level 0 ridge...done (6601ms) 
 block [8] : 1000 snps  (31932ms) 
   -residualizing and scaling genotypes...done (14426ms) 
   -calc working matrices...done (8795ms) 
   -calc level 0 ridge...done (6447ms) 
 block [9] : 1000 snps  (31027ms) 
   -residualizing and scaling genotypes...done (15484ms) 
   -calc working matrices...done (9300ms) 
   -calc level 0 ridge...done (6155ms) 
 block [10] : 1000 snps  (31638ms) 
   -residualizing and scaling genotypes...done (14961ms) 
   -calc working matrices...done (9520ms) 
   -calc level 0 ridge...done (6881ms) 
 block [11] : 1000 snps  (34724ms) 
   -residualizing and scaling genotypes...done (14930ms) 
   -calc working matrices...done (9168ms) 
   -calc level 0 ridge...done (6698ms) 
 block [12] : 1000 snps  (31173ms) 
   -residualizing and scaling genotypes...done (14412ms) 
   -calc working matrices...done (9206ms) 
   -calc level 0 ridge...done (6353ms) 
 block [13] : 1000 snps  (32405ms) 
   -residualizing and scaling genotypes...done (15218ms) 
   -calc working matrices...done (9248ms) 
   -calc level 0 ridge...done (6057ms) 
 block [14] : 1000 snps  (31700ms) 
   -residualizing and scaling genotypes...done (14049ms) 
   -calc working matrices...done (8944ms) 
   -calc level 0 ridge...done (6013ms) 
 block [15] : 1000 snps  (31623ms) 
   -residualizing and scaling genotypes...done (14444ms) 
   -calc working matrices...done (10031ms) 
   -calc level 0 ridge...done (6354ms) 
 block [16] : 1000 snps  (32166ms) 
   -residualizing and scaling genotypes...done (14672ms) 
   -calc working matrices...done (9291ms) 
   -calc level 0 ridge...done (5776ms) 
 block [17] : 1000 snps  (29832ms) 
   -residualizing and scaling genotypes...done (15561ms) 
   -calc working matrices...done (9349ms) 
   -calc level 0 ridge...done (6034ms) 
 block [18] : 1000 snps  (32079ms) 
   -residualizing and scaling genotypes...done (14540ms) 
   -calc working matrices...done (8996ms) 
   -calc level 0 ridge...done (6869ms) 
 block [19] : 1000 snps  (32004ms) 
   -residualizing and scaling genotypes...done (14933ms) 
   -calc working matrices...done (9244ms) 
   -calc level 0 ridge...done (6326ms) 
 block [20] : 1000 snps  (32217ms) 
   -residualizing and scaling genotypes...done (15013ms) 
   -calc working matrices...done (9413ms) 
   -calc level 0 ridge...done (5983ms) 
 block [21] : 1000 snps  (31637ms) 
   -residualizing and scaling genotypes...done (14632ms) 
   -calc working matrices...done (9728ms) 
   -calc level 0 ridge...done (6060ms) 
 block [22] : 1000 snps  (31604ms) 
   -residualizing and scaling genotypes...done (16083ms) 
   -calc working matrices...done (9062ms) 
   -calc level 0 ridge...done (6509ms) 
 block [23] : 1000 snps  (32264ms) 
   -residualizing and scaling genotypes...done (15004ms) 
   -calc working matrices...done (9099ms) 
   -calc level 0 ridge...done (6359ms) 
 block [24] : 1000 snps  (31975ms) 
   -residualizing and scaling genotypes...done (15750ms) 
   -calc working matrices...done (9069ms) 
   -calc level 0 ridge...done (6330ms) 
 block [25] : 1000 snps  (31891ms) 
   -residualizing and scaling genotypes...done (19683ms) 
   -calc working matrices...done (9284ms) 
   -calc level 0 ridge...done (6050ms) 
 block [26] : 1000 snps  (31853ms) 
   -residualizing and scaling genotypes...done (14802ms) 
   -calc working matrices...done (9202ms) 
   -calc level 0 ridge...done (6522ms) 
 block [27] : 1000 snps  (32093ms) 
   -residualizing and scaling genotypes...done (16320ms) 
   -calc working matrices...done (8994ms) 
   -calc level 0 ridge...done (6560ms) 
 block [28] : 1000 snps  (32170ms) 
   -residualizing and scaling genotypes...done (15096ms) 
   -calc working matrices...done (8965ms) 
   -calc level 0 ridge...done (6135ms) 
 block [29] : 1000 snps  (29578ms) 
   -residualizing and scaling genotypes...done (15478ms) 
   -calc working matrices...done (10490ms) 
   -calc level 0 ridge...done (5763ms) 
 block [30] : 1000 snps  (25968ms) 
   -residualizing and scaling genotypes...done (12428ms) 
   -calc working matrices...done (9102ms) 
   -calc level 0 ridge...done (5478ms) 
 block [31] : 1000 snps  (25733ms) 
   -residualizing and scaling genotypes...done (12341ms) 
   -calc working matrices...done (10512ms) 
   -calc level 0 ridge...done (5982ms) 
 block [32] : 1000 snps  (31970ms) 
   -residualizing and scaling genotypes...done (13518ms) 
   -calc working matrices...done (9366ms) 
   -calc level 0 ridge...done (6512ms) 
 block [33] : 1000 snps  (32467ms) 
   -residualizing and scaling genotypes...done (14303ms) 
   -calc working matrices...done (9233ms) 
   -calc level 0 ridge...done (7004ms) 
 block [34] : 1000 snps  (32206ms) 
   -residualizing and scaling genotypes...done (15667ms) 
   -calc working matrices...done (9454ms) 
   -calc level 0 ridge...done (6425ms) 
 block [35] : 489 snps  (14611ms) 
   -residualizing and scaling genotypes...done (7446ms) 
   -calc working matrices...done (3503ms) 
   -calc level 0 ridge...done (1536ms) 
Chromosome 2
 block [36] : 1000 snps  (28317ms) 
   -residualizing and scaling genotypes...done (12548ms) 
   -calc working matrices...done (10428ms) 
   -calc level 0 ridge...done (5891ms) 
 block [37] : 1000 snps  (31044ms) 
   -residualizing and scaling genotypes...done (13907ms) 
   -calc working matrices...done (9400ms) 
   -calc level 0 ridge...done (6381ms) 
 block [38] : 1000 snps  (32331ms) 
   -residualizing and scaling genotypes...done (14287ms) 
   -calc working matrices...done (8832ms) 
   -calc level 0 ridge...done (6414ms) 
 block [39] : 1000 snps  (32226ms) 
   -residualizing and scaling genotypes...done (15780ms) 
   -calc working matrices...done (9004ms) 
   -calc level 0 ridge...done (6150ms) 
 block [40] : 1000 snps  (31604ms) 
   -residualizing and scaling genotypes...done (14270ms) 
   -calc working matrices...done (8925ms) 
   -calc level 0 ridge...done (6341ms) 
 block [41] : 1000 snps  (31575ms) 
   -residualizing and scaling genotypes...done (14306ms) 
   -calc working matrices...done (9175ms) 
   -calc level 0 ridge...done (6378ms) 
 block [42] : 1000 snps  (31732ms) 
   -residualizing and scaling genotypes...done (14150ms) 
   -calc working matrices...done (8851ms) 
   -calc level 0 ridge...done (6142ms) 
 block [43] : 1000 snps  (31261ms) 
   -residualizing and scaling genotypes...done (13385ms) 
   -calc working matrices...done (9073ms) 
   -calc level 0 ridge...done (6467ms) 
 block [44] : 1000 snps  (31311ms) 
   -residualizing and scaling genotypes...done (14014ms) 
   -calc working matrices...done (8948ms) 
   -calc level 0 ridge...done (6461ms) 
 block [45] : 1000 snps  (32346ms) 
   -residualizing and scaling genotypes...done (14701ms) 
   -calc working matrices...done (9040ms) 
   -calc level 0 ridge...done (6473ms) 
 block [46] : 1000 snps  (31649ms) 
   -residualizing and scaling genotypes...done (13858ms) 
   -calc working matrices...done (9034ms) 
   -calc level 0 ridge...done (6353ms) 
 block [47] : 1000 snps  (31797ms) 
   -residualizing and scaling genotypes...done (14677ms) 
   -calc working matrices...done (9002ms) 
   -calc level 0 ridge...done (6411ms) 
 block [48] : 1000 snps  (31986ms) 
   -residualizing and scaling genotypes...done (14942ms) 
   -calc working matrices...done (9132ms) 
   -calc level 0 ridge...done (6227ms) 
 block [49] : 1000 snps  (31806ms) 
   -residualizing and scaling genotypes...done (14601ms) 
   -calc working matrices...done (8982ms) 
   -calc level 0 ridge...done (6394ms) 
 block [50] : 1000 snps  (32486ms) 
   -residualizing and scaling genotypes...done (19794ms) 
   -calc working matrices...done (9038ms) 
   -calc level 0 ridge...done (6420ms) 
 block [51] : 1000 snps  (31004ms) 
   -residualizing and scaling genotypes...done (13755ms) 
   -calc working matrices...done (8978ms) 
   -calc level 0 ridge...done (6712ms) 
 block [52] : 1000 snps  (31490ms) 
   -residualizing and scaling genotypes...done (14084ms) 
   -calc working matrices...done (8871ms) 
   -calc level 0 ridge...done (6317ms) 
 block [53] : 1000 snps  (31147ms) 
   -residualizing and scaling genotypes...done (13073ms) 
   -calc working matrices...done (9040ms) 
   -calc level 0 ridge...done (6376ms) 
 block [54] : 1000 snps  (31661ms) 
   -residualizing and scaling genotypes...done (14600ms) 
   -calc working matrices...done (9002ms) 
   -calc level 0 ridge...done (6348ms) 
 block [55] : 1000 snps  (32084ms) 
   -residualizing and scaling genotypes...done (14082ms) 
   -calc working matrices...done (9039ms) 
   -calc level 0 ridge...done (6506ms) 
 block [56] : 1000 snps  (31319ms) 
   -residualizing and scaling genotypes...done (13269ms) 
   -calc working matrices...done (9245ms) 
   -calc level 0 ridge...done (6349ms) 
 block [57] : 1000 snps  (31911ms) 
   -residualizing and scaling genotypes...done (14247ms) 
   -calc working matrices...done (8850ms) 
   -calc level 0 ridge...done (6423ms) 
 block [58] : 1000 snps  (31868ms) 
   -residualizing and scaling genotypes...done (13744ms) 
   -calc working matrices...done (9172ms) 
   -calc level 0 ridge...done (6046ms) 
 block [59] : 1000 snps  (31333ms) 
   -residualizing and scaling genotypes...done (14117ms) 
   -calc working matrices...done (9222ms) 
   -calc level 0 ridge...done (6681ms) 
 block [60] : 1000 snps  (31951ms) 
   -residualizing and scaling genotypes...done (18288ms) 
   -calc working matrices...done (9086ms) 
   -calc level 0 ridge...done (6093ms) 
 block [61] : 1000 snps  (32076ms) 
   -residualizing and scaling genotypes...done (14845ms) 
   -calc working matrices...done (9527ms) 
   -calc level 0 ridge...done (6464ms) 
 block [62] : 1000 snps  (32114ms) 
   -residualizing and scaling genotypes...done (18949ms) 
   -calc working matrices...done (9010ms) 
   -calc level 0 ridge...done (6328ms) 
 block [63] : 1000 snps  (31174ms) 
   -residualizing and scaling genotypes...done (13706ms) 
   -calc working matrices...done (9021ms) 
   -calc level 0 ridge...done (6304ms) 
 block [64] : 1000 snps  (31805ms) 
   -residualizing and scaling genotypes...done (15029ms) 
   -calc working matrices...done (9075ms) 
   -calc level 0 ridge...done (6045ms) 
 block [65] : 1000 snps  (31744ms) 
   -residualizing and scaling genotypes...done (15160ms) 
   -calc working matrices...done (8976ms) 
   -calc level 0 ridge...done (6033ms) 
 block [66] : 1000 snps  (31321ms) 
   -residualizing and scaling genotypes...done (13599ms) 
   -calc working matrices...done (9101ms) 
   -calc level 0 ridge...done (6466ms) 
 block [67] : 1000 snps  (32169ms) 
   -residualizing and scaling genotypes...done (14958ms) 
   -calc working matrices...done (9448ms) 
   -calc level 0 ridge...done (6345ms) 
 block [68] : 1000 snps  (31281ms) 
   -residualizing and scaling genotypes...done (13435ms) 
   -calc working matrices...done (9092ms) 
   -calc level 0 ridge...done (5984ms) 
 block [69] : 1000 snps  (31552ms) 
   -residualizing and scaling genotypes...done (15868ms) 
   -calc working matrices...done (8848ms) 
   -calc level 0 ridge...done (6195ms) 
 block [70] : 803 snps  (24233ms) 
   -residualizing and scaling genotypes...done (12149ms) 
   -calc working matrices...done (6235ms) 
   -calc level 0 ridge...done (4064ms) 
Chromosome 3
 block [71] : 1000 snps  (28681ms) 
   -residualizing and scaling genotypes...done (12738ms) 
   -calc working matrices...done (8845ms) 
   -calc level 0 ridge...done (6429ms) 
 block [72] : 1000 snps  (31112ms) 
   -residualizing and scaling genotypes...done (13335ms) 
   -calc working matrices...done (9212ms) 
   -calc level 0 ridge...done (6722ms) 
 block [73] : 1000 snps  (31625ms) 
   -residualizing and scaling genotypes...done (13646ms) 
   -calc working matrices...done (9161ms) 
   -calc level 0 ridge...done (6420ms) 
 block [74] : 1000 snps  (32044ms) 
   -residualizing and scaling genotypes...done (16136ms) 
   -calc working matrices...done (9121ms) 
   -calc level 0 ridge...done (5792ms) 
 block [75] : 1000 snps  (30960ms) 
   -residualizing and scaling genotypes...done (13933ms) 
   -calc working matrices...done (9121ms) 
   -calc level 0 ridge...done (5819ms) 
 block [76] : 1000 snps  (30185ms) 
   -residualizing and scaling genotypes...done (12945ms) 
   -calc working matrices...done (8974ms) 
   -calc level 0 ridge...done (6044ms) 
 block [77] : 1000 snps  (31644ms) 
   -residualizing and scaling genotypes...done (13180ms) 
   -calc working matrices...done (8803ms) 
   -calc level 0 ridge...done (5868ms) 
 block [78] : 1000 snps  (29689ms) 
   -residualizing and scaling genotypes...done (13663ms) 
   -calc working matrices...done (9941ms) 
   -calc level 0 ridge...done (5688ms) 
 block [79] : 1000 snps  (29552ms) 
   -residualizing and scaling genotypes...done (13845ms) 
   -calc working matrices...done (9141ms) 
   -calc level 0 ridge...done (5605ms) 
 block [80] : 1000 snps  (31516ms) 
   -residualizing and scaling genotypes...done (13169ms) 
   -calc working matrices...done (9081ms) 
   -calc level 0 ridge...done (5830ms) 
 block [81] : 1000 snps  (30723ms) 
   -residualizing and scaling genotypes...done (13436ms) 
   -calc working matrices...done (9556ms) 
   -calc level 0 ridge...done (5965ms) 
 block [82] : 1000 snps  (31057ms) 
   -residualizing and scaling genotypes...done (13680ms) 
   -calc working matrices...done (9053ms) 
   -calc level 0 ridge...done (5977ms) 
 block [83] : 1000 snps  (30587ms) 
   -residualizing and scaling genotypes...done (13291ms) 
   -calc working matrices...done (9034ms) 
   -calc level 0 ridge...done (6031ms) 
 block [84] : 1000 snps  (31396ms) 
   -residualizing and scaling genotypes...done (13829ms) 
   -calc working matrices...done (8966ms) 
   -calc level 0 ridge...done (6073ms) 
 block [85] : 1000 snps  (32127ms) 
   -residualizing and scaling genotypes...done (13794ms) 
   -calc working matrices...done (8832ms) 
   -calc level 0 ridge...done (6019ms) 
 block [86] : 1000 snps  (31171ms) 
   -residualizing and scaling genotypes...done (13040ms) 
   -calc working matrices...done (9040ms) 
   -calc level 0 ridge...done (6336ms) 
 block [87] : 1000 snps  (31245ms) 
   -residualizing and scaling genotypes...done (14378ms) 
   -calc working matrices...done (9117ms) 
   -calc level 0 ridge...done (6322ms) 
 block [88] : 1000 snps  (31166ms) 
   -residualizing and scaling genotypes...done (14201ms) 
   -calc working matrices...done (9042ms) 
   -calc level 0 ridge...done (5966ms) 
 block [89] : 1000 snps  (30939ms) 
   -residualizing and scaling genotypes...done (17131ms) 
   -calc working matrices...done (9551ms) 
   -calc level 0 ridge...done (5737ms) 
 block [90] : 1000 snps  (32450ms) 
   -residualizing and scaling genotypes...done (17464ms) 
   -calc working matrices...done (9061ms) 
   -calc level 0 ridge...done (5931ms) 
 block [91] : 1000 snps  (31536ms) 
   -residualizing and scaling genotypes...done (13658ms) 
   -calc working matrices...done (9081ms) 
   -calc level 0 ridge...done (5797ms) 
 block [92] : 1000 snps  (32004ms) 
   -residualizing and scaling genotypes...done (13750ms) 
   -calc working matrices...done (8842ms) 
   -calc level 0 ridge...done (5932ms) 
 block [93] : 1000 snps  (29535ms) 
   -residualizing and scaling genotypes...done (11983ms) 
   -calc working matrices...done (8804ms) 
   -calc level 0 ridge...done (6027ms) 
 block [94] : 1000 snps  (31596ms) 
   -residualizing and scaling genotypes...done (13564ms) 
   -calc working matrices...done (9171ms) 
   -calc level 0 ridge...done (6551ms) 
 block [95] : 1000 snps  (32282ms) 
   -residualizing and scaling genotypes...done (13308ms) 
   -calc working matrices...done (9213ms) 
   -calc level 0 ridge...done (6599ms) 
 block [96] : 1000 snps  (31731ms) 
   -residualizing and scaling genotypes...done (14153ms) 
   -calc working matrices...done (8873ms) 
   -calc level 0 ridge...done (5891ms) 
 block [97] : 1000 snps  (33229ms) 
   -residualizing and scaling genotypes...done (13954ms) 
   -calc working matrices...done (8884ms) 
   -calc level 0 ridge...done (5985ms) 
 block [98] : 1000 snps  (31875ms) 
   -residualizing and scaling genotypes...done (13616ms) 
   -calc working matrices...done (9175ms) 
   -calc level 0 ridge...done (6364ms) 
 block [99] : 1000 snps  (32047ms) 
   -residualizing and scaling genotypes...done (14083ms) 
   -calc working matrices...done (8889ms) 
   -calc level 0 ridge...done (6292ms) 
 block [100] : 698 snps  (20602ms) 
   -residualizing and scaling genotypes...done (9449ms) 
   -calc working matrices...done (6351ms) 
   -calc level 0 ridge...done (2868ms) 
Chromosome 4
 block [101] : 1000 snps  (29297ms) 
   -residualizing and scaling genotypes...done (12856ms) 
   -calc working matrices...done (8861ms) 
   -calc level 0 ridge...done (6168ms) 
 block [102] : 1000 snps  (32356ms) 
   -residualizing and scaling genotypes...done (13579ms) 
   -calc working matrices...done (9030ms) 
   -calc level 0 ridge...done (6339ms) 
 block [103] : 1000 snps  (32081ms) 
   -residualizing and scaling genotypes...done (13559ms) 
   -calc working matrices...done (9037ms) 
   -calc level 0 ridge...done (5949ms) 
 block [104] : 1000 snps  (32068ms) 
   -residualizing and scaling genotypes...done (13701ms) 
   -calc working matrices...done (9088ms) 
   -calc level 0 ridge...done (6307ms) 
 block [105] : 1000 snps  (33169ms) 
   -residualizing and scaling genotypes...done (13939ms) 
   -calc working matrices...done (8988ms) 
   -calc level 0 ridge...done (6469ms) 
 block [106] : 1000 snps  (32059ms) 
   -residualizing and scaling genotypes...done (13596ms) 
   -calc working matrices...done (8957ms) 
   -calc level 0 ridge...done (6745ms) 
 block [107] : 1000 snps  (32271ms) 
   -residualizing and scaling genotypes...done (14011ms) 
   -calc working matrices...done (9134ms) 
   -calc level 0 ridge...done (6644ms) 
 block [108] : 1000 snps  (32290ms) 
   -residualizing and scaling genotypes...done (13406ms) 
   -calc working matrices...done (9011ms) 
   -calc level 0 ridge...done (5976ms) 
 block [109] : 1000 snps  (32298ms) 
   -residualizing and scaling genotypes...done (13442ms) 
   -calc working matrices...done (8961ms) 
   -calc level 0 ridge...done (6274ms) 
 block [110] : 1000 snps  (32961ms) 
   -residualizing and scaling genotypes...done (13293ms) 
   -calc working matrices...done (8969ms) 
   -calc level 0 ridge...done (6407ms) 
 block [111] : 1000 snps  (31629ms) 
   -residualizing and scaling genotypes...done (20501ms) 
   -calc working matrices...done (9130ms) 
   -calc level 0 ridge...done (5878ms) 
 block [112] : 1000 snps  (28810ms) 
   -residualizing and scaling genotypes...done (13315ms) 
   -calc working matrices...done (8994ms) 
   -calc level 0 ridge...done (5554ms) 
 block [113] : 1000 snps  (29012ms) 
   -residualizing and scaling genotypes...done (14735ms) 
   -calc working matrices...done (10379ms) 
   -calc level 0 ridge...done (5867ms) 
 block [114] : 1000 snps  (32044ms) 
   -residualizing and scaling genotypes...done (14861ms) 
   -calc working matrices...done (8981ms) 
   -calc level 0 ridge...done (6059ms) 
 block [115] : 1000 snps  (32412ms) 
   -residualizing and scaling genotypes...done (14230ms) 
   -calc working matrices...done (8917ms) 
   -calc level 0 ridge...done (6701ms) 
 block [116] : 1000 snps  (31928ms) 
   -residualizing and scaling genotypes...done (14033ms) 
   -calc working matrices...done (8947ms) 
   -calc level 0 ridge...done (6255ms) 
 block [117] : 1000 snps  (31322ms) 
   -residualizing and scaling genotypes...done (13716ms) 
   -calc working matrices...done (9120ms) 
   -calc level 0 ridge...done (6777ms) 
 block [118] : 1000 snps  (31924ms) 
   -residualizing and scaling genotypes...done (14353ms) 
   -calc working matrices...done (9215ms) 
   -calc level 0 ridge...done (6343ms) 
 block [119] : 1000 snps  (31298ms) 
   -residualizing and scaling genotypes...done (12604ms) 
   -calc working matrices...done (9008ms) 
   -calc level 0 ridge...done (6683ms) 
 block [120] : 1000 snps  (32181ms) 
   -residualizing and scaling genotypes...done (15847ms) 
   -calc working matrices...done (9001ms) 
   -calc level 0 ridge...done (6798ms) 
 block [121] : 1000 snps  (31677ms) 
   -residualizing and scaling genotypes...done (14682ms) 
   -calc working matrices...done (9110ms) 
   -calc level 0 ridge...done (6040ms) 
 block [122] : 1000 snps  (31871ms) 
   -residualizing and scaling genotypes...done (14283ms) 
   -calc working matrices...done (9158ms) 
   -calc level 0 ridge...done (6032ms) 
 block [123] : 1000 snps  (30688ms) 
   -residualizing and scaling genotypes...done (13316ms) 
   -calc working matrices...done (9153ms) 
   -calc level 0 ridge...done (5782ms) 
 block [124] : 1000 snps  (34675ms) 
   -residualizing and scaling genotypes...done (13673ms) 
   -calc working matrices...done (9119ms) 
   -calc level 0 ridge...done (5821ms) 
 block [125] : 1000 snps  (27753ms) 
   -residualizing and scaling genotypes...done (13941ms) 
   -calc working matrices...done (9091ms) 
   -calc level 0 ridge...done (5712ms) 
 block [126] : 1000 snps  (27064ms) 
   -residualizing and scaling genotypes...done (14015ms) 
   -calc working matrices...done (10814ms) 
   -calc level 0 ridge...done (5854ms) 
 block [127] : 1000 snps  (28542ms) 
   -residualizing and scaling genotypes...done (13359ms) 
   -calc working matrices...done (9195ms) 
   -calc level 0 ridge...done (5802ms) 
 block [128] : 840 snps  (24974ms) 
   -residualizing and scaling genotypes...done (10603ms) 
   -calc working matrices...done (5596ms) 
   -calc level 0 ridge...done (3901ms) 
Chromosome 5
 block [129] : 1000 snps  (28037ms) 
   -residualizing and scaling genotypes...done (12438ms) 
   -calc working matrices...done (9003ms) 
   -calc level 0 ridge...done (5962ms) 
 block [130] : 1000 snps  (29988ms) 
   -residualizing and scaling genotypes...done (13967ms) 
   -calc working matrices...done (8859ms) 
   -calc level 0 ridge...done (6020ms) 
 block [131] : 1000 snps  (30247ms) 
   -residualizing and scaling genotypes...done (13383ms) 
   -calc working matrices...done (10119ms) 
   -calc level 0 ridge...done (5901ms) 
 block [132] : 1000 snps  (30832ms) 
   -residualizing and scaling genotypes...done (15398ms) 
   -calc working matrices...done (9852ms) 
   -calc level 0 ridge...done (6464ms) 
 block [133] : 1000 snps  (32317ms) 
   -residualizing and scaling genotypes...done (19196ms) 
   -calc working matrices...done (8991ms) 
   -calc level 0 ridge...done (6371ms) 
 block [134] : 1000 snps  (31531ms) 
   -residualizing and scaling genotypes...done (14285ms) 
   -calc working matrices...done (9154ms) 
   -calc level 0 ridge...done (6650ms) 
 block [135] : 1000 snps  (32655ms) 
   -residualizing and scaling genotypes...done (13836ms) 
   -calc working matrices...done (9013ms) 
   -calc level 0 ridge...done (6318ms) 
 block [136] : 1000 snps  (31346ms) 
   -residualizing and scaling genotypes...done (14243ms) 
   -calc working matrices...done (8918ms) 
   -calc level 0 ridge...done (6619ms) 
 block [137] : 1000 snps  (31710ms) 
   -residualizing and scaling genotypes...done (14436ms) 
   -calc working matrices...done (8922ms) 
   -calc level 0 ridge...done (6383ms) 
 block [138] : 1000 snps  (31186ms) 
   -residualizing and scaling genotypes...done (13659ms) 
   -calc working matrices...done (9007ms) 
   -calc level 0 ridge...done (6677ms) 
 block [139] : 1000 snps  (31483ms) 
   -residualizing and scaling genotypes...done (13241ms) 
   -calc working matrices...done (9117ms) 
   -calc level 0 ridge...done (6397ms) 
 block [140] : 1000 snps  (31677ms) 
   -residualizing and scaling genotypes...done (13791ms) 
   -calc working matrices...done (8971ms) 
   -calc level 0 ridge...done (6129ms) 
 block [141] : 1000 snps  (32044ms) 
   -residualizing and scaling genotypes...done (15774ms) 
   -calc working matrices...done (9248ms) 
   -calc level 0 ridge...done (6045ms) 
 block [142] : 1000 snps  (32212ms) 
   -residualizing and scaling genotypes...done (14746ms) 
   -calc working matrices...done (9111ms) 
   -calc level 0 ridge...done (6046ms) 
 block [143] : 1000 snps  (31004ms) 
   -residualizing and scaling genotypes...done (13379ms) 
   -calc working matrices...done (9074ms) 
   -calc level 0 ridge...done (6108ms) 
 block [144] : 1000 snps  (31745ms) 
   -residualizing and scaling genotypes...done (15275ms) 
   -calc working matrices...done (9063ms) 
   -calc level 0 ridge...done (6360ms) 
 block [145] : 1000 snps  (31549ms) 
   -residualizing and scaling genotypes...done (14203ms) 
   -calc working matrices...done (9044ms) 
   -calc level 0 ridge...done (6459ms) 
 block [146] : 1000 snps  (31497ms) 
   -residualizing and scaling genotypes...done (13612ms) 
   -calc working matrices...done (9037ms) 
   -calc level 0 ridge...done (6462ms) 
 block [147] : 1000 snps  (31141ms) 
   -residualizing and scaling genotypes...done (13175ms) 
   -calc working matrices...done (9037ms) 
   -calc level 0 ridge...done (6454ms) 
 block [148] : 1000 snps  (33143ms) 
   -residualizing and scaling genotypes...done (16079ms) 
   -calc working matrices...done (9014ms) 
   -calc level 0 ridge...done (6277ms) 
 block [149] : 1000 snps  (27508ms) 
   -residualizing and scaling genotypes...done (13659ms) 
   -calc working matrices...done (9043ms) 
   -calc level 0 ridge...done (6041ms) 
 block [150] : 1000 snps  (30050ms) 
   -residualizing and scaling genotypes...done (12338ms) 
   -calc working matrices...done (9342ms) 
   -calc level 0 ridge...done (5921ms) 
 block [151] : 1000 snps  (31166ms) 
   -residualizing and scaling genotypes...done (14686ms) 
   -calc working matrices...done (8991ms) 
   -calc level 0 ridge...done (5898ms) 
 block [152] : 1000 snps  (31415ms) 
   -residualizing and scaling genotypes...done (14050ms) 
   -calc working matrices...done (9110ms) 
   -calc level 0 ridge...done (6091ms) 
 block [153] : 1000 snps  (31608ms) 
   -residualizing and scaling genotypes...done (14797ms) 
   -calc working matrices...done (9449ms) 
   -calc level 0 ridge...done (6070ms) 
 block [154] : 1000 snps  (31901ms) 
   -residualizing and scaling genotypes...done (13882ms) 
   -calc working matrices...done (9145ms) 
   -calc level 0 ridge...done (6129ms) 
 block [155] : 987 snps  (29803ms) 
   -residualizing and scaling genotypes...done (20640ms) 
   -calc working matrices...done (7919ms) 
   -calc level 0 ridge...done (6094ms) 
Chromosome 6
 block [156] : 1000 snps  (29934ms) 
   -residualizing and scaling genotypes...done (13806ms) 
   -calc working matrices...done (9249ms) 
   -calc level 0 ridge...done (6573ms) 
 block [157] : 1000 snps  (32390ms) 
   -residualizing and scaling genotypes...done (21626ms) 
   -calc working matrices...done (9233ms) 
   -calc level 0 ridge...done (6436ms) 
 block [158] : 1000 snps  (38248ms) 
   -residualizing and scaling genotypes...done (14861ms) 
   -calc working matrices...done (8910ms) 
   -calc level 0 ridge...done (6353ms) 
 block [159] : 1000 snps  (31899ms) 
   -residualizing and scaling genotypes...done (17734ms) 
   -calc working matrices...done (8937ms) 
   -calc level 0 ridge...done (6530ms) 
 block [160] : 1000 snps  (31647ms) 
   -residualizing and scaling genotypes...done (14433ms) 
   -calc working matrices...done (9343ms) 
   -calc level 0 ridge...done (6692ms) 
 block [161] : 1000 snps  (32458ms) 
   -residualizing and scaling genotypes...done (14766ms) 
   -calc working matrices...done (9054ms) 
   -calc level 0 ridge...done (6386ms) 
 block [162] : 1000 snps  (31520ms) 
   -residualizing and scaling genotypes...done (13487ms) 
   -calc working matrices...done (9386ms) 
   -calc level 0 ridge...done (5450ms) 
 block [163] : 1000 snps  (33960ms) 
   -residualizing and scaling genotypes...done (16514ms) 
   -calc working matrices...done (9096ms) 
   -calc level 0 ridge...done (5740ms) 
 block [164] : 1000 snps  (32119ms) 
   -residualizing and scaling genotypes...done (14660ms) 
   -calc working matrices...done (9403ms) 
   -calc level 0 ridge...done (6061ms) 
 block [165] : 1000 snps  (32095ms) 
   -residualizing and scaling genotypes...done (13701ms) 
   -calc working matrices...done (9269ms) 
   -calc level 0 ridge...done (5723ms) 
 block [166] : 1000 snps  (32034ms) 
   -residualizing and scaling genotypes...done (14198ms) 
   -calc working matrices...done (8979ms) 
   -calc level 0 ridge...done (6099ms) 
 block [167] : 1000 snps  (32319ms) 
   -residualizing and scaling genotypes...done (13738ms) 
   -calc working matrices...done (9545ms) 
   -calc level 0 ridge...done (6041ms) 
 block [168] : 1000 snps  (31759ms) 
   -residualizing and scaling genotypes...done (14657ms) 
   -calc working matrices...done (9351ms) 
   -calc level 0 ridge...done (6225ms) 
 block [169] : 1000 snps  (32419ms) 
   -residualizing and scaling genotypes...done (14825ms) 
   -calc working matrices...done (8990ms) 
   -calc level 0 ridge...done (6269ms) 
 block [170] : 1000 snps  (31904ms) 
   -residualizing and scaling genotypes...done (14925ms) 
   -calc working matrices...done (9065ms) 
   -calc level 0 ridge...done (6284ms) 
 block [171] : 1000 snps  (31622ms) 
   -residualizing and scaling genotypes...done (13834ms) 
   -calc working matrices...done (9309ms) 
   -calc level 0 ridge...done (6651ms) 
 block [172] : 1000 snps  (31278ms) 
   -residualizing and scaling genotypes...done (14300ms) 
   -calc working matrices...done (9189ms) 
   -calc level 0 ridge...done (5983ms) 
 block [173] : 1000 snps  (31548ms) 
   -residualizing and scaling genotypes...done (14539ms) 
   -calc working matrices...done (8980ms) 
   -calc level 0 ridge...done (6364ms) 
 block [174] : 1000 snps  (32255ms) 
   -residualizing and scaling genotypes...done (14467ms) 
   -calc working matrices...done (8916ms) 
   -calc level 0 ridge...done (6065ms) 
 block [175] : 1000 snps  (32684ms) 
   -residualizing and scaling genotypes...done (14508ms) 
   -calc working matrices...done (8914ms) 
   -calc level 0 ridge...done (6050ms) 
 block [176] : 1000 snps  (32466ms) 
   -residualizing and scaling genotypes...done (14287ms) 
   -calc working matrices...done (8916ms) 
   -calc level 0 ridge...done (6284ms) 
 block [177] : 1000 snps  (31883ms) 
   -residualizing and scaling genotypes...done (14634ms) 
   -calc working matrices...done (9191ms) 
   -calc level 0 ridge...done (6706ms) 
 block [178] : 1000 snps  (32877ms) 
   -residualizing and scaling genotypes...done (14034ms) 
   -calc working matrices...done (9010ms) 
   -calc level 0 ridge...done (6751ms) 
 block [179] : 1000 snps  (32142ms) 
   -residualizing and scaling genotypes...done (14303ms) 
   -calc working matrices...done (9128ms) 
   -calc level 0 ridge...done (6402ms) 
 block [180] : 1000 snps  (32255ms) 
   -residualizing and scaling genotypes...done (14443ms) 
   -calc working matrices...done (8883ms) 
   -calc level 0 ridge...done (6320ms) 
 block [181] : 1000 snps  (32653ms) 
   -residualizing and scaling genotypes...done (14428ms) 
   -calc working matrices...done (9131ms) 
   -calc level 0 ridge...done (6104ms) 
 block [182] : 1000 snps  (32485ms) 
   -residualizing and scaling genotypes...done (15119ms) 
   -calc working matrices...done (8945ms) 
   -calc level 0 ridge...done (6047ms) 
 block [183] : 1000 snps  (32072ms) 
   -residualizing and scaling genotypes...done (14114ms) 
   -calc working matrices...done (8917ms) 
   -calc level 0 ridge...done (6692ms) 
 block [184] : 1000 snps  (31663ms) 
   -residualizing and scaling genotypes...done (14613ms) 
   -calc working matrices...done (9294ms) 
   -calc level 0 ridge...done (6382ms) 
 block [185] : 1000 snps  (31673ms) 
   -residualizing and scaling genotypes...done (13359ms) 
   -calc working matrices...done (9049ms) 
   -calc level 0 ridge...done (6050ms) 
 block [186] : 390 snps  (13300ms) 
   -residualizing and scaling genotypes...done (6321ms) 
   -calc working matrices...done (1392ms) 
   -calc level 0 ridge...done (1142ms) 
Chromosome 7
 block [187] : 1000 snps  (28885ms) 
   -residualizing and scaling genotypes...done (12459ms) 
   -calc working matrices...done (9556ms) 
   -calc level 0 ridge...done (6070ms) 
 block [188] : 1000 snps  (32604ms) 
   -residualizing and scaling genotypes...done (13863ms) 
   -calc working matrices...done (9144ms) 
   -calc level 0 ridge...done (6077ms) 
 block [189] : 1000 snps  (32293ms) 
   -residualizing and scaling genotypes...done (13645ms) 
   -calc working matrices...done (9185ms) 
   -calc level 0 ridge...done (6037ms) 
 block [190] : 1000 snps  (32246ms) 
   -residualizing and scaling genotypes...done (13881ms) 
   -calc working matrices...done (9009ms) 
   -calc level 0 ridge...done (6134ms) 
 block [191] : 1000 snps  (32363ms) 
   -residualizing and scaling genotypes...done (14165ms) 
   -calc working matrices...done (9042ms) 
   -calc level 0 ridge...done (6554ms) 
 block [192] : 1000 snps  (32542ms) 
   -residualizing and scaling genotypes...done (13674ms) 
   -calc working matrices...done (9183ms) 
   -calc level 0 ridge...done (6365ms) 
 block [193] : 1000 snps  (31705ms) 
   -residualizing and scaling genotypes...done (13226ms) 
   -calc working matrices...done (9176ms) 
   -calc level 0 ridge...done (6218ms) 
 block [194] : 1000 snps  (31917ms) 
   -residualizing and scaling genotypes...done (14516ms) 
   -calc working matrices...done (9288ms) 
   -calc level 0 ridge...done (6533ms) 
 block [195] : 1000 snps  (37406ms) 
   -residualizing and scaling genotypes...done (15469ms) 
   -calc working matrices...done (9170ms) 
   -calc level 0 ridge...done (6277ms) 
 block [196] : 1000 snps  (32098ms) 
   -residualizing and scaling genotypes...done (14403ms) 
   -calc working matrices...done (9163ms) 
   -calc level 0 ridge...done (6672ms) 
 block [197] : 1000 snps  (32535ms) 
   -residualizing and scaling genotypes...done (17616ms) 
   -calc working matrices...done (8987ms) 
   -calc level 0 ridge...done (6525ms) 
 block [198] : 1000 snps  (31882ms) 
   -residualizing and scaling genotypes...done (12787ms) 
   -calc working matrices...done (9243ms) 
   -calc level 0 ridge...done (6305ms) 
 block [199] : 1000 snps  (32012ms) 
   -residualizing and scaling genotypes...done (13430ms) 
   -calc working matrices...done (9056ms) 
   -calc level 0 ridge...done (6773ms) 
 block [200] : 1000 snps  (31917ms) 
   -residualizing and scaling genotypes...done (14179ms) 
   -calc working matrices...done (9046ms) 
   -calc level 0 ridge...done (6476ms) 
 block [201] : 1000 snps  (32920ms) 
   -residualizing and scaling genotypes...done (14739ms) 
   -calc working matrices...done (8940ms) 
   -calc level 0 ridge...done (6333ms) 
 block [202] : 1000 snps  (32864ms) 
   -residualizing and scaling genotypes...done (12934ms) 
   -calc working matrices...done (8982ms) 
   -calc level 0 ridge...done (6316ms) 
 block [203] : 1000 snps  (32408ms) 
   -residualizing and scaling genotypes...done (13718ms) 
   -calc working matrices...done (8774ms) 
   -calc level 0 ridge...done (5991ms) 
 block [204] : 1000 snps  (31493ms) 
   -residualizing and scaling genotypes...done (13401ms) 
   -calc working matrices...done (8888ms) 
   -calc level 0 ridge...done (6475ms) 
 block [205] : 1000 snps  (34009ms) 
   -residualizing and scaling genotypes...done (12895ms) 
   -calc working matrices...done (9137ms) 
   -calc level 0 ridge...done (6321ms) 
 block [206] : 1000 snps  (31877ms) 
   -residualizing and scaling genotypes...done (13708ms) 
   -calc working matrices...done (9238ms) 
   -calc level 0 ridge...done (6403ms) 
 block [207] : 1000 snps  (32221ms) 
   -residualizing and scaling genotypes...done (13097ms) 
   -calc working matrices...done (9007ms) 
   -calc level 0 ridge...done (5926ms) 
 block [208] : 1000 snps  (31032ms) 
   -residualizing and scaling genotypes...done (13496ms) 
   -calc working matrices...done (9172ms) 
   -calc level 0 ridge...done (6427ms) 
 block [209] : 1000 snps  (33136ms) 
   -residualizing and scaling genotypes...done (14470ms) 
   -calc working matrices...done (8979ms) 
   -calc level 0 ridge...done (6442ms) 
 block [210] : 874 snps  (27283ms) 
   -residualizing and scaling genotypes...done (11684ms) 
   -calc working matrices...done (7684ms) 
   -calc level 0 ridge...done (4457ms) 
Chromosome 8
 block [211] : 1000 snps  (29208ms) 
   -residualizing and scaling genotypes...done (12448ms) 
   -calc working matrices...done (9034ms) 
   -calc level 0 ridge...done (6398ms) 
 block [212] : 1000 snps  (31777ms) 
   -residualizing and scaling genotypes...done (12887ms) 
   -calc working matrices...done (9079ms) 
   -calc level 0 ridge...done (6322ms) 
 block [213] : 1000 snps  (31865ms) 
   -residualizing and scaling genotypes...done (16575ms) 
   -calc working matrices...done (9124ms) 
   -calc level 0 ridge...done (6071ms) 
 block [214] : 1000 snps  (32394ms) 
   -residualizing and scaling genotypes...done (13530ms) 
   -calc working matrices...done (9066ms) 
   -calc level 0 ridge...done (6056ms) 
 block [215] : 1000 snps  (32140ms) 
   -residualizing and scaling genotypes...done (13418ms) 
   -calc working matrices...done (9035ms) 
   -calc level 0 ridge...done (6192ms) 
 block [216] : 1000 snps  (32609ms) 
   -residualizing and scaling genotypes...done (14091ms) 
   -calc working matrices...done (9187ms) 
   -calc level 0 ridge...done (6112ms) 
 block [217] : 1000 snps  (32576ms) 
   -residualizing and scaling genotypes...done (15036ms) 
   -calc working matrices...done (9124ms) 
   -calc level 0 ridge...done (6118ms) 
 block [218] : 1000 snps  (32172ms) 
   -residualizing and scaling genotypes...done (14123ms) 
   -calc working matrices...done (9216ms) 
   -calc level 0 ridge...done (6359ms) 
 block [219] : 1000 snps  (32592ms) 
   -residualizing and scaling genotypes...done (14497ms) 
   -calc working matrices...done (9099ms) 
   -calc level 0 ridge...done (6066ms) 
 block [220] : 1000 snps  (32206ms) 
   -residualizing and scaling genotypes...done (17786ms) 
   -calc working matrices...done (8989ms) 
   -calc level 0 ridge...done (6280ms) 
 block [221] : 1000 snps  (32640ms) 
   -residualizing and scaling genotypes...done (13749ms) 
   -calc working matrices...done (9020ms) 
   -calc level 0 ridge...done (6500ms) 
 block [222] : 1000 snps  (33939ms) 
   -residualizing and scaling genotypes...done (13588ms) 
   -calc working matrices...done (9203ms) 
   -calc level 0 ridge...done (6586ms) 
 block [223] : 1000 snps  (33241ms) 
   -residualizing and scaling genotypes...done (13659ms) 
   -calc working matrices...done (9329ms) 
   -calc level 0 ridge...done (6025ms) 
 block [224] : 1000 snps  (31677ms) 
   -residualizing and scaling genotypes...done (13710ms) 
   -calc working matrices...done (9298ms) 
   -calc level 0 ridge...done (6329ms) 
 block [225] : 1000 snps  (32473ms) 
   -residualizing and scaling genotypes...done (14784ms) 
   -calc working matrices...done (9129ms) 
   -calc level 0 ridge...done (5947ms) 
 block [226] : 1000 snps  (32664ms) 
   -residualizing and scaling genotypes...done (14439ms) 
   -calc working matrices...done (8976ms) 
   -calc level 0 ridge...done (6575ms) 
 block [227] : 1000 snps  (32637ms) 
   -residualizing and scaling genotypes...done (14081ms) 
   -calc working matrices...done (9204ms) 
   -calc level 0 ridge...done (6389ms) 
 block [228] : 1000 snps  (32893ms) 
   -residualizing and scaling genotypes...done (14309ms) 
   -calc working matrices...done (9099ms) 
   -calc level 0 ridge...done (6408ms) 
 block [229] : 1000 snps  (33080ms) 
   -residualizing and scaling genotypes...done (13940ms) 
   -calc working matrices...done (8976ms) 
   -calc level 0 ridge...done (6411ms) 
 block [230] : 1000 snps  (33026ms) 
   -residualizing and scaling genotypes...done (14507ms) 
   -calc working matrices...done (9239ms) 
   -calc level 0 ridge...done (6223ms) 
 block [231] : 1000 snps  (33085ms) 
   -residualizing and scaling genotypes...done (13959ms) 
   -calc working matrices...done (9112ms) 
   -calc level 0 ridge...done (6656ms) 
 block [232] : 1000 snps  (32790ms) 
   -residualizing and scaling genotypes...done (14880ms) 
   -calc working matrices...done (8812ms) 
   -calc level 0 ridge...done (6413ms) 
 block [233] : 578 snps  (17563ms) 
   -residualizing and scaling genotypes...done (8998ms) 
   -calc working matrices...done (2445ms) 
   -calc level 0 ridge...done (2007ms) 
Chromosome 9
 block [234] : 1000 snps  (28420ms) 
   -residualizing and scaling genotypes...done (12895ms) 
   -calc working matrices...done (8954ms) 
   -calc level 0 ridge...done (6405ms) 
 block [235] : 1000 snps  (32555ms) 
   -residualizing and scaling genotypes...done (14139ms) 
   -calc working matrices...done (9032ms) 
   -calc level 0 ridge...done (6410ms) 
 block [236] : 1000 snps  (32162ms) 
   -residualizing and scaling genotypes...done (13467ms) 
   -calc working matrices...done (8867ms) 
   -calc level 0 ridge...done (6430ms) 
 block [237] : 1000 snps  (32282ms) 
   -residualizing and scaling genotypes...done (15178ms) 
   -calc working matrices...done (8810ms) 
   -calc level 0 ridge...done (6372ms) 
 block [238] : 1000 snps  (31981ms) 
   -residualizing and scaling genotypes...done (13876ms) 
   -calc working matrices...done (9204ms) 
   -calc level 0 ridge...done (6025ms) 
 block [239] : 1000 snps  (31988ms) 
   -residualizing and scaling genotypes...done (13690ms) 
   -calc working matrices...done (9054ms) 
   -calc level 0 ridge...done (5709ms) 
 block [240] : 1000 snps  (30518ms) 
   -residualizing and scaling genotypes...done (15285ms) 
   -calc working matrices...done (9003ms) 
   -calc level 0 ridge...done (5928ms) 
 block [241] : 1000 snps  (32816ms) 
   -residualizing and scaling genotypes...done (14140ms) 
   -calc working matrices...done (9571ms) 
   -calc level 0 ridge...done (6005ms) 
 block [242] : 1000 snps  (33251ms) 
   -residualizing and scaling genotypes...done (14495ms) 
   -calc working matrices...done (8978ms) 
   -calc level 0 ridge...done (6073ms) 
 block [243] : 1000 snps  (34021ms) 
   -residualizing and scaling genotypes...done (14433ms) 
   -calc working matrices...done (9164ms) 
   -calc level 0 ridge...done (6712ms) 
 block [244] : 1000 snps  (33305ms) 
   -residualizing and scaling genotypes...done (14512ms) 
   -calc working matrices...done (8912ms) 
   -calc level 0 ridge...done (6411ms) 
 block [245] : 1000 snps  (32833ms) 
   -residualizing and scaling genotypes...done (15312ms) 
   -calc working matrices...done (9045ms) 
   -calc level 0 ridge...done (6260ms) 
 block [246] : 1000 snps  (32345ms) 
   -residualizing and scaling genotypes...done (14472ms) 
   -calc working matrices...done (9086ms) 
   -calc level 0 ridge...done (6394ms) 
 block [247] : 1000 snps  (32862ms) 
   -residualizing and scaling genotypes...done (13486ms) 
   -calc working matrices...done (8874ms) 
   -calc level 0 ridge...done (6469ms) 
 block [248] : 1000 snps  (32242ms) 
   -residualizing and scaling genotypes...done (14073ms) 
   -calc working matrices...done (9248ms) 
   -calc level 0 ridge...done (5831ms) 
 block [249] : 1000 snps  (32486ms) 
   -residualizing and scaling genotypes...done (14310ms) 
   -calc working matrices...done (9016ms) 
   -calc level 0 ridge...done (6653ms) 
 block [250] : 1000 snps  (33085ms) 
   -residualizing and scaling genotypes...done (14273ms) 
   -calc working matrices...done (9171ms) 
   -calc level 0 ridge...done (6388ms) 
 block [251] : 1000 snps  (33709ms) 
   -residualizing and scaling genotypes...done (14586ms) 
   -calc working matrices...done (9180ms) 
   -calc level 0 ridge...done (5911ms) 
 block [252] : 1000 snps  (31836ms) 
   -residualizing and scaling genotypes...done (14214ms) 
   -calc working matrices...done (8797ms) 
   -calc level 0 ridge...done (5789ms) 
 block [253] : 349 snps  (12647ms) 
   -residualizing and scaling genotypes...done (5618ms) 
   -calc working matrices...done (1757ms) 
   -calc level 0 ridge...done (832ms) 
Chromosome 10
 block [254] : 1000 snps  (28362ms) 
   -residualizing and scaling genotypes...done (12714ms) 
   -calc working matrices...done (8966ms) 
   -calc level 0 ridge...done (6053ms) 
 block [255] : 1000 snps  (33552ms) 
   -residualizing and scaling genotypes...done (14974ms) 
   -calc working matrices...done (8927ms) 
   -calc level 0 ridge...done (6413ms) 
 block [256] : 1000 snps  (33605ms) 
   -residualizing and scaling genotypes...done (13906ms) 
   -calc working matrices...done (9231ms) 
   -calc level 0 ridge...done (6455ms) 
 block [257] : 1000 snps  (32774ms) 
   -residualizing and scaling genotypes...done (13650ms) 
   -calc working matrices...done (9005ms) 
   -calc level 0 ridge...done (5979ms) 
 block [258] : 1000 snps  (32708ms) 
   -residualizing and scaling genotypes...done (13494ms) 
   -calc working matrices...done (9486ms) 
   -calc level 0 ridge...done (6244ms) 
 block [259] : 1000 snps  (33882ms) 
   -residualizing and scaling genotypes...done (14881ms) 
   -calc working matrices...done (8852ms) 
   -calc level 0 ridge...done (6320ms) 
 block [260] : 1000 snps  (32997ms) 
   -residualizing and scaling genotypes...done (14030ms) 
   -calc working matrices...done (9033ms) 
   -calc level 0 ridge...done (6617ms) 
 block [261] : 1000 snps  (32590ms) 
   -residualizing and scaling genotypes...done (13688ms) 
   -calc working matrices...done (9040ms) 
   -calc level 0 ridge...done (5912ms) 
 block [262] : 1000 snps  (33250ms) 
   -residualizing and scaling genotypes...done (13914ms) 
   -calc working matrices...done (9006ms) 
   -calc level 0 ridge...done (6557ms) 
 block [263] : 1000 snps  (33778ms) 
   -residualizing and scaling genotypes...done (14740ms) 
   -calc working matrices...done (8794ms) 
   -calc level 0 ridge...done (5853ms) 
 block [264] : 1000 snps  (33100ms) 
   -residualizing and scaling genotypes...done (17831ms) 
   -calc working matrices...done (8961ms) 
   -calc level 0 ridge...done (5750ms) 
 block [265] : 1000 snps  (32611ms) 
   -residualizing and scaling genotypes...done (17382ms) 
   -calc working matrices...done (9245ms) 
   -calc level 0 ridge...done (5914ms) 
 block [266] : 1000 snps  (30676ms) 
   -residualizing and scaling genotypes...done (13271ms) 
   -calc working matrices...done (9066ms) 
   -calc level 0 ridge...done (5853ms) 
 block [267] : 1000 snps  (30656ms) 
   -residualizing and scaling genotypes...done (20664ms) 
   -calc working matrices...done (10690ms) 
   -calc level 0 ridge...done (5992ms) 
 block [268] : 1000 snps  (32856ms) 
   -residualizing and scaling genotypes...done (21213ms) 
   -calc working matrices...done (9033ms) 
   -calc level 0 ridge...done (6274ms) 
 block [269] : 1000 snps  (32756ms) 
   -residualizing and scaling genotypes...done (13896ms) 
   -calc working matrices...done (8933ms) 
   -calc level 0 ridge...done (6207ms) 
 block [270] : 1000 snps  (33368ms) 
   -residualizing and scaling genotypes...done (13765ms) 
   -calc working matrices...done (9085ms) 
   -calc level 0 ridge...done (6412ms) 
 block [271] : 1000 snps  (33165ms) 
   -residualizing and scaling genotypes...done (15695ms) 
   -calc working matrices...done (9207ms) 
   -calc level 0 ridge...done (6199ms) 
 block [272] : 1000 snps  (32272ms) 
   -residualizing and scaling genotypes...done (14478ms) 
   -calc working matrices...done (9075ms) 
   -calc level 0 ridge...done (6422ms) 
 block [273] : 1000 snps  (32814ms) 
   -residualizing and scaling genotypes...done (15336ms) 
   -calc working matrices...done (8861ms) 
   -calc level 0 ridge...done (5744ms) 
 block [274] : 1000 snps  (32353ms) 
   -residualizing and scaling genotypes...done (14363ms) 
   -calc working matrices...done (8996ms) 
   -calc level 0 ridge...done (6054ms) 
 block [275] : 888 snps  (27809ms) 
   -residualizing and scaling genotypes...done (12786ms) 
   -calc working matrices...done (8932ms) 
   -calc level 0 ridge...done (4863ms) 
Chromosome 11
 block [276] : 1000 snps  (30504ms) 
   -residualizing and scaling genotypes...done (15548ms) 
   -calc working matrices...done (9033ms) 
   -calc level 0 ridge...done (6067ms) 
 block [277] : 1000 snps  (32416ms) 
   -residualizing and scaling genotypes...done (14276ms) 
   -calc working matrices...done (8888ms) 
   -calc level 0 ridge...done (6354ms) 
 block [278] : 1000 snps  (32950ms) 
   -residualizing and scaling genotypes...done (16399ms) 
   -calc working matrices...done (8920ms) 
   -calc level 0 ridge...done (6286ms) 
 block [279] : 1000 snps  (32426ms) 
   -residualizing and scaling genotypes...done (14331ms) 
   -calc working matrices...done (9006ms) 
   -calc level 0 ridge...done (6024ms) 
 block [280] : 1000 snps  (31599ms) 
   -residualizing and scaling genotypes...done (12482ms) 
   -calc working matrices...done (9380ms) 
   -calc level 0 ridge...done (6124ms) 
 block [281] : 1000 snps  (33300ms) 
   -residualizing and scaling genotypes...done (14239ms) 
   -calc working matrices...done (9078ms) 
   -calc level 0 ridge...done (6475ms) 
 block [282] : 1000 snps  (33211ms) 
   -residualizing and scaling genotypes...done (17918ms) 
   -calc working matrices...done (9211ms) 
   -calc level 0 ridge...done (6418ms) 
 block [283] : 1000 snps  (33064ms) 
   -residualizing and scaling genotypes...done (13394ms) 
   -calc working matrices...done (9131ms) 
   -calc level 0 ridge...done (6649ms) 
 block [284] : 1000 snps  (33735ms) 
   -residualizing and scaling genotypes...done (13804ms) 
   -calc working matrices...done (8913ms) 
   -calc level 0 ridge...done (5898ms) 
 block [285] : 1000 snps  (32645ms) 
   -residualizing and scaling genotypes...done (13898ms) 
   -calc working matrices...done (9021ms) 
   -calc level 0 ridge...done (6515ms) 
 block [286] : 1000 snps  (32625ms) 
   -residualizing and scaling genotypes...done (14161ms) 
   -calc working matrices...done (9053ms) 
   -calc level 0 ridge...done (6285ms) 
 block [287] : 1000 snps  (32484ms) 
   -residualizing and scaling genotypes...done (13888ms) 
   -calc working matrices...done (9222ms) 
   -calc level 0 ridge...done (6324ms) 
 block [288] : 1000 snps  (33092ms) 
   -residualizing and scaling genotypes...done (13483ms) 
   -calc working matrices...done (9155ms) 
   -calc level 0 ridge...done (6313ms) 
 block [289] : 1000 snps  (32772ms) 
   -residualizing and scaling genotypes...done (13977ms) 
   -calc working matrices...done (9061ms) 
   -calc level 0 ridge...done (6230ms) 
 block [290] : 1000 snps  (32431ms) 
   -residualizing and scaling genotypes...done (13449ms) 
   -calc working matrices...done (8997ms) 
   -calc level 0 ridge...done (6359ms) 
 block [291] : 1000 snps  (33044ms) 
   -residualizing and scaling genotypes...done (14486ms) 
   -calc working matrices...done (9018ms) 
   -calc level 0 ridge...done (6340ms) 
 block [292] : 1000 snps  (33368ms) 
   -residualizing and scaling genotypes...done (14778ms) 
   -calc working matrices...done (9382ms) 
   -calc level 0 ridge...done (5970ms) 
 block [293] : 1000 snps  (32807ms) 
   -residualizing and scaling genotypes...done (15313ms) 
   -calc working matrices...done (9131ms) 
   -calc level 0 ridge...done (5997ms) 
 block [294] : 1000 snps  (32439ms) 
   -residualizing and scaling genotypes...done (13424ms) 
   -calc working matrices...done (8995ms) 
   -calc level 0 ridge...done (6647ms) 
 block [295] : 1000 snps  (33058ms) 
   -residualizing and scaling genotypes...done (14182ms) 
   -calc working matrices...done (9012ms) 
   -calc level 0 ridge...done (6293ms) 
 block [296] : 1000 snps  (32422ms) 
   -residualizing and scaling genotypes...done (12894ms) 
   -calc working matrices...done (9218ms) 
   -calc level 0 ridge...done (6764ms) 
 block [297] : 708 snps  (21649ms) 
   -residualizing and scaling genotypes...done (11165ms) 
   -calc working matrices...done (3691ms) 
   -calc level 0 ridge...done (3446ms) 
Chromosome 12
 block [298] : 1000 snps  (30943ms) 
   -residualizing and scaling genotypes...done (13690ms) 
   -calc working matrices...done (9031ms) 
   -calc level 0 ridge...done (6764ms) 
 block [299] : 1000 snps  (33070ms) 
   -residualizing and scaling genotypes...done (13431ms) 
   -calc working matrices...done (9125ms) 
   -calc level 0 ridge...done (6327ms) 
 block [300] : 1000 snps  (32094ms) 
   -residualizing and scaling genotypes...done (13190ms) 
   -calc working matrices...done (9025ms) 
   -calc level 0 ridge...done (5950ms) 
 block [301] : 1000 snps  (32783ms) 
   -residualizing and scaling genotypes...done (13874ms) 
   -calc working matrices...done (9687ms) 
   -calc level 0 ridge...done (6409ms) 
 block [302] : 1000 snps  (33488ms) 
   -residualizing and scaling genotypes...done (14320ms) 
   -calc working matrices...done (8907ms) 
   -calc level 0 ridge...done (6110ms) 
 block [303] : 1000 snps  (30751ms) 
   -residualizing and scaling genotypes...done (14073ms) 
   -calc working matrices...done (9752ms) 
   -calc level 0 ridge...done (5718ms) 
 block [304] : 1000 snps  (31927ms) 
   -residualizing and scaling genotypes...done (14808ms) 
   -calc working matrices...done (10061ms) 
   -calc level 0 ridge...done (5640ms) 
 block [305] : 1000 snps  (31305ms) 
   -residualizing and scaling genotypes...done (15446ms) 
   -calc working matrices...done (9201ms) 
   -calc level 0 ridge...done (6821ms) 
 block [306] : 1000 snps  (33631ms) 
   -residualizing and scaling genotypes...done (14275ms) 
   -calc working matrices...done (9221ms) 
   -calc level 0 ridge...done (6275ms) 
 block [307] : 1000 snps  (32663ms) 
   -residualizing and scaling genotypes...done (13384ms) 
   -calc working matrices...done (9368ms) 
   -calc level 0 ridge...done (6430ms) 
 block [308] : 1000 snps  (32927ms) 
   -residualizing and scaling genotypes...done (14481ms) 
   -calc working matrices...done (9309ms) 
   -calc level 0 ridge...done (6515ms) 
 block [309] : 1000 snps  (33640ms) 
   -residualizing and scaling genotypes...done (14897ms) 
   -calc working matrices...done (8954ms) 
   -calc level 0 ridge...done (6353ms) 
 block [310] : 1000 snps  (32081ms) 
   -residualizing and scaling genotypes...done (14419ms) 
   -calc working matrices...done (9255ms) 
   -calc level 0 ridge...done (6369ms) 
 block [311] : 1000 snps  (33160ms) 
   -residualizing and scaling genotypes...done (15892ms) 
   -calc working matrices...done (9180ms) 
   -calc level 0 ridge...done (6355ms) 
 block [312] : 1000 snps  (31676ms) 
   -residualizing and scaling genotypes...done (16902ms) 
   -calc working matrices...done (9143ms) 
   -calc level 0 ridge...done (6490ms) 
 block [313] : 1000 snps  (33001ms) 
   -residualizing and scaling genotypes...done (21952ms) 
   -calc working matrices...done (17365ms) 
   -calc level 0 ridge...done (7197ms) 
 block [314] : 1000 snps  (32134ms) 
   -residualizing and scaling genotypes...done (13446ms) 
   -calc working matrices...done (9446ms) 
   -calc level 0 ridge...done (6258ms) 
 block [315] : 1000 snps  (32176ms) 
   -residualizing and scaling genotypes...done (14108ms) 
   -calc working matrices...done (9150ms) 
   -calc level 0 ridge...done (6398ms) 
 block [316] : 1000 snps  (32706ms) 
   -residualizing and scaling genotypes...done (13772ms) 
   -calc working matrices...done (8986ms) 
   -calc level 0 ridge...done (5807ms) 
 block [317] : 1000 snps  (31897ms) 
   -residualizing and scaling genotypes...done (13989ms) 
   -calc working matrices...done (9098ms) 
   -calc level 0 ridge...done (6255ms) 
 block [318] : 840 snps  (26026ms) 
   -residualizing and scaling genotypes...done (11999ms) 
   -calc working matrices...done (5332ms) 
   -calc level 0 ridge...done (4086ms) 
Chromosome 13
 block [319] : 1000 snps  (30419ms) 
   -residualizing and scaling genotypes...done (13455ms) 
   -calc working matrices...done (9102ms) 
   -calc level 0 ridge...done (6499ms) 
 block [320] : 1000 snps  (32237ms) 
   -residualizing and scaling genotypes...done (12281ms) 
   -calc working matrices...done (9088ms) 
   -calc level 0 ridge...done (6072ms) 
 block [321] : 1000 snps  (32472ms) 
   -residualizing and scaling genotypes...done (13618ms) 
   -calc working matrices...done (9154ms) 
   -calc level 0 ridge...done (5912ms) 
 block [322] : 1000 snps  (31361ms) 
   -residualizing and scaling genotypes...done (14010ms) 
   -calc working matrices...done (9515ms) 
   -calc level 0 ridge...done (6318ms) 
 block [323] : 1000 snps  (32456ms) 
   -residualizing and scaling genotypes...done (14844ms) 
   -calc working matrices...done (9090ms) 
   -calc level 0 ridge...done (5982ms) 
 block [324] : 1000 snps  (32407ms) 
   -residualizing and scaling genotypes...done (12490ms) 
   -calc working matrices...done (9018ms) 
   -calc level 0 ridge...done (6126ms) 
 block [325] : 1000 snps  (31826ms) 
   -residualizing and scaling genotypes...done (13519ms) 
   -calc working matrices...done (9871ms) 
   -calc level 0 ridge...done (6659ms) 
 block [326] : 1000 snps  (32722ms) 
   -residualizing and scaling genotypes...done (14493ms) 
   -calc working matrices...done (9161ms) 
   -calc level 0 ridge...done (6054ms) 
 block [327] : 1000 snps  (32162ms) 
   -residualizing and scaling genotypes...done (13812ms) 
   -calc working matrices...done (8953ms) 
   -calc level 0 ridge...done (6743ms) 
 block [328] : 1000 snps  (32374ms) 
   -residualizing and scaling genotypes...done (14704ms) 
   -calc working matrices...done (9269ms) 
   -calc level 0 ridge...done (6035ms) 
 block [329] : 1000 snps  (32548ms) 
   -residualizing and scaling genotypes...done (14202ms) 
   -calc working matrices...done (9037ms) 
   -calc level 0 ridge...done (6381ms) 
 block [330] : 1000 snps  (32626ms) 
   -residualizing and scaling genotypes...done (13608ms) 
   -calc working matrices...done (9187ms) 
   -calc level 0 ridge...done (5984ms) 
 block [331] : 1000 snps  (31472ms) 
   -residualizing and scaling genotypes...done (14640ms) 
   -calc working matrices...done (8859ms) 
   -calc level 0 ridge...done (6127ms) 
 block [332] : 1000 snps  (31911ms) 
   -residualizing and scaling genotypes...done (13497ms) 
   -calc working matrices...done (8887ms) 
   -calc level 0 ridge...done (6608ms) 
 block [333] : 1000 snps  (32213ms) 
   -residualizing and scaling genotypes...done (14074ms) 
   -calc working matrices...done (8956ms) 
   -calc level 0 ridge...done (6544ms) 
 block [334] : 109 snps  (2278ms) 
   -residualizing and scaling genotypes...done (1182ms) 
   -calc working matrices...done (693ms) 
   -calc level 0 ridge...done (377ms) 
Chromosome 14
 block [335] : 1000 snps  (29633ms) 
   -residualizing and scaling genotypes...done (14104ms) 
   -calc working matrices...done (9112ms) 
   -calc level 0 ridge...done (6337ms) 
 block [336] : 1000 snps  (32557ms) 
   -residualizing and scaling genotypes...done (13811ms) 
   -calc working matrices...done (9106ms) 
   -calc level 0 ridge...done (6563ms) 
 block [337] : 1000 snps  (31889ms) 
   -residualizing and scaling genotypes...done (13561ms) 
   -calc working matrices...done (9087ms) 
   -calc level 0 ridge...done (6653ms) 
 block [338] : 1000 snps  (31918ms) 
   -residualizing and scaling genotypes...done (13233ms) 
   -calc working matrices...done (8997ms) 
   -calc level 0 ridge...done (6318ms) 
 block [339] : 1000 snps  (32766ms) 
   -residualizing and scaling genotypes...done (14002ms) 
   -calc working matrices...done (8830ms) 
   -calc level 0 ridge...done (6296ms) 
 block [340] : 1000 snps  (31733ms) 
   -residualizing and scaling genotypes...done (13493ms) 
   -calc working matrices...done (9251ms) 
   -calc level 0 ridge...done (6312ms) 
 block [341] : 1000 snps  (36833ms) 
   -residualizing and scaling genotypes...done (13659ms) 
   -calc working matrices...done (8962ms) 
   -calc level 0 ridge...done (6003ms) 
 block [342] : 1000 snps  (31143ms) 
   -residualizing and scaling genotypes...done (16760ms) 
   -calc working matrices...done (9531ms) 
   -calc level 0 ridge...done (6132ms) 
 block [343] : 1000 snps  (31144ms) 
   -residualizing and scaling genotypes...done (14760ms) 
   -calc working matrices...done (10076ms) 
   -calc level 0 ridge...done (6022ms) 
 block [344] : 1000 snps  (32094ms) 
   -residualizing and scaling genotypes...done (14120ms) 
   -calc working matrices...done (9013ms) 
   -calc level 0 ridge...done (6640ms) 
 block [345] : 1000 snps  (32226ms) 
   -residualizing and scaling genotypes...done (13779ms) 
   -calc working matrices...done (9081ms) 
   -calc level 0 ridge...done (6549ms) 
 block [346] : 1000 snps  (32109ms) 
   -residualizing and scaling genotypes...done (14620ms) 
   -calc working matrices...done (9034ms) 
   -calc level 0 ridge...done (6360ms) 
 block [347] : 1000 snps  (31066ms) 
   -residualizing and scaling genotypes...done (13836ms) 
   -calc working matrices...done (8998ms) 
   -calc level 0 ridge...done (5961ms) 
 block [348] : 1000 snps  (28889ms) 
   -residualizing and scaling genotypes...done (13067ms) 
   -calc working matrices...done (10615ms) 
   -calc level 0 ridge...done (6285ms) 
 block [349] : 60 snps  (974ms) 
   -residualizing and scaling genotypes...done (600ms) 
   -calc working matrices...done (223ms) 
   -calc level 0 ridge...done (209ms) 
Chromosome 15
 block [350] : 1000 snps  (29394ms) 
   -residualizing and scaling genotypes...done (13035ms) 
   -calc working matrices...done (9253ms) 
   -calc level 0 ridge...done (6480ms) 
 block [351] : 1000 snps  (32823ms) 
   -residualizing and scaling genotypes...done (14084ms) 
   -calc working matrices...done (8969ms) 
   -calc level 0 ridge...done (6683ms) 
 block [352] : 1000 snps  (32938ms) 
   -residualizing and scaling genotypes...done (13568ms) 
   -calc working matrices...done (8824ms) 
   -calc level 0 ridge...done (6716ms) 
 block [353] : 1000 snps  (32502ms) 
   -residualizing and scaling genotypes...done (15024ms) 
   -calc working matrices...done (9082ms) 
   -calc level 0 ridge...done (6388ms) 
 block [354] : 1000 snps  (32129ms) 
   -residualizing and scaling genotypes...done (14091ms) 
   -calc working matrices...done (9233ms) 
   -calc level 0 ridge...done (6425ms) 
 block [355] : 1000 snps  (32350ms) 
   -residualizing and scaling genotypes...done (18374ms) 
   -calc working matrices...done (9043ms) 
   -calc level 0 ridge...done (6460ms) 
 block [356] : 1000 snps  (32249ms) 
   -residualizing and scaling genotypes...done (16961ms) 
   -calc working matrices...done (9022ms) 
   -calc level 0 ridge...done (6676ms) 
 block [357] : 1000 snps  (32277ms) 
   -residualizing and scaling genotypes...done (15107ms) 
   -calc working matrices...done (9048ms) 
   -calc level 0 ridge...done (6610ms) 
 block [358] : 1000 snps  (32395ms) 
   -residualizing and scaling genotypes...done (13843ms) 
   -calc working matrices...done (9202ms) 
   -calc level 0 ridge...done (6696ms) 
 block [359] : 1000 snps  (32692ms) 
   -residualizing and scaling genotypes...done (21841ms) 
   -calc working matrices...done (9241ms) 
   -calc level 0 ridge...done (6304ms) 
 block [360] : 1000 snps  (32652ms) 
   -residualizing and scaling genotypes...done (14004ms) 
   -calc working matrices...done (9223ms) 
   -calc level 0 ridge...done (6377ms) 
 block [361] : 1000 snps  (32730ms) 
   -residualizing and scaling genotypes...done (13878ms) 
   -calc working matrices...done (9136ms) 
   -calc level 0 ridge...done (6472ms) 
 block [362] : 1000 snps  (32238ms) 
   -residualizing and scaling genotypes...done (13897ms) 
   -calc working matrices...done (9107ms) 
   -calc level 0 ridge...done (6065ms) 
 block [363] : 150 snps  (3954ms) 
   -residualizing and scaling genotypes...done (1742ms) 
   -calc working matrices...done (707ms) 
   -calc level 0 ridge...done (512ms) 
Chromosome 16
 block [364] : 1000 snps  (29356ms) 
   -residualizing and scaling genotypes...done (12660ms) 
   -calc working matrices...done (10775ms) 
   -calc level 0 ridge...done (5836ms) 
 block [365] : 1000 snps  (30019ms) 
   -residualizing and scaling genotypes...done (13537ms) 
   -calc working matrices...done (9575ms) 
   -calc level 0 ridge...done (6416ms) 
 block [366] : 1000 snps  (32059ms) 
   -residualizing and scaling genotypes...done (13695ms) 
   -calc working matrices...done (9253ms) 
   -calc level 0 ridge...done (6568ms) 
 block [367] : 1000 snps  (32369ms) 
   -residualizing and scaling genotypes...done (15458ms) 
   -calc working matrices...done (9022ms) 
   -calc level 0 ridge...done (6475ms) 
 block [368] : 1000 snps  (32226ms) 
   -residualizing and scaling genotypes...done (14601ms) 
   -calc working matrices...done (8974ms) 
   -calc level 0 ridge...done (6118ms) 
 block [369] : 1000 snps  (32354ms) 
   -residualizing and scaling genotypes...done (15514ms) 
   -calc working matrices...done (9107ms) 
   -calc level 0 ridge...done (5951ms) 
 block [370] : 1000 snps  (32335ms) 
   -residualizing and scaling genotypes...done (16414ms) 
   -calc working matrices...done (9088ms) 
   -calc level 0 ridge...done (6786ms) 
 block [371] : 1000 snps  (33888ms) 
   -residualizing and scaling genotypes...done (14117ms) 
   -calc working matrices...done (8977ms) 
   -calc level 0 ridge...done (6516ms) 
 block [372] : 1000 snps  (32864ms) 
   -residualizing and scaling genotypes...done (14434ms) 
   -calc working matrices...done (8944ms) 
   -calc level 0 ridge...done (6394ms) 
 block [373] : 1000 snps  (32934ms) 
   -residualizing and scaling genotypes...done (20854ms) 
   -calc working matrices...done (8973ms) 
   -calc level 0 ridge...done (6555ms) 
 block [374] : 1000 snps  (32699ms) 
   -residualizing and scaling genotypes...done (13977ms) 
   -calc working matrices...done (9104ms) 
   -calc level 0 ridge...done (6062ms) 
 block [375] : 1000 snps  (32048ms) 
   -residualizing and scaling genotypes...done (15673ms) 
   -calc working matrices...done (9123ms) 
   -calc level 0 ridge...done (6833ms) 
 block [376] : 1000 snps  (33195ms) 
   -residualizing and scaling genotypes...done (15215ms) 
   -calc working matrices...done (9177ms) 
   -calc level 0 ridge...done (6762ms) 
 block [377] : 1000 snps  (32361ms) 
   -residualizing and scaling genotypes...done (13944ms) 
   -calc working matrices...done (9150ms) 
   -calc level 0 ridge...done (6495ms) 
 block [378] : 778 snps  (23805ms) 
   -residualizing and scaling genotypes...done (10999ms) 
   -calc working matrices...done (4457ms) 
   -calc level 0 ridge...done (3836ms) 
Chromosome 17
 block [379] : 1000 snps  (29967ms) 
   -residualizing and scaling genotypes...done (13345ms) 
   -calc working matrices...done (9327ms) 
   -calc level 0 ridge...done (6869ms) 
 block [380] : 1000 snps  (32847ms) 
   -residualizing and scaling genotypes...done (14883ms) 
   -calc working matrices...done (9185ms) 
   -calc level 0 ridge...done (6030ms) 
 block [381] : 1000 snps  (32595ms) 
   -residualizing and scaling genotypes...done (13908ms) 
   -calc working matrices...done (9146ms) 
   -calc level 0 ridge...done (6229ms) 
 block [382] : 1000 snps  (34570ms) 
   -residualizing and scaling genotypes...done (14299ms) 
   -calc working matrices...done (9260ms) 
   -calc level 0 ridge...done (6408ms) 
 block [383] : 1000 snps  (32617ms) 
   -residualizing and scaling genotypes...done (14646ms) 
   -calc working matrices...done (9217ms) 
   -calc level 0 ridge...done (5937ms) 
 block [384] : 1000 snps  (32298ms) 
   -residualizing and scaling genotypes...done (13397ms) 
   -calc working matrices...done (9082ms) 
   -calc level 0 ridge...done (6102ms) 
 block [385] : 1000 snps  (30606ms) 
   -residualizing and scaling genotypes...done (15486ms) 
   -calc working matrices...done (9025ms) 
   -calc level 0 ridge...done (6264ms) 
 block [386] : 1000 snps  (33680ms) 
   -residualizing and scaling genotypes...done (18932ms) 
   -calc working matrices...done (9004ms) 
   -calc level 0 ridge...done (6315ms) 
 block [387] : 1000 snps  (33010ms) 
   -residualizing and scaling genotypes...done (15295ms) 
   -calc working matrices...done (8982ms) 
   -calc level 0 ridge...done (6439ms) 
 block [388] : 1000 snps  (32464ms) 
   -residualizing and scaling genotypes...done (15919ms) 
   -calc working matrices...done (8943ms) 
   -calc level 0 ridge...done (6035ms) 
 block [389] : 1000 snps  (32759ms) 
   -residualizing and scaling genotypes...done (15938ms) 
   -calc working matrices...done (8983ms) 
   -calc level 0 ridge...done (6348ms) 
 block [390] : 1000 snps  (32624ms) 
   -residualizing and scaling genotypes...done (14252ms) 
   -calc working matrices...done (8942ms) 
   -calc level 0 ridge...done (6425ms) 
 block [391] : 1000 snps  (33197ms) 
   -residualizing and scaling genotypes...done (14640ms) 
   -calc working matrices...done (9203ms) 
   -calc level 0 ridge...done (6041ms) 
 block [392] : 864 snps  (19807ms) 
   -residualizing and scaling genotypes...done (8301ms) 
   -calc working matrices...done (7537ms) 
   -calc level 0 ridge...done (4124ms) 
Chromosome 18
 block [393] : 1000 snps  (28306ms) 
   -residualizing and scaling genotypes...done (13284ms) 
   -calc working matrices...done (9563ms) 
   -calc level 0 ridge...done (5887ms) 
 block [394] : 1000 snps  (32015ms) 
   -residualizing and scaling genotypes...done (16646ms) 
   -calc working matrices...done (8838ms) 
   -calc level 0 ridge...done (6582ms) 
 block [395] : 1000 snps  (32092ms) 
   -residualizing and scaling genotypes...done (13780ms) 
   -calc working matrices...done (8946ms) 
   -calc level 0 ridge...done (6362ms) 
 block [396] : 1000 snps  (32182ms) 
   -residualizing and scaling genotypes...done (14503ms) 
   -calc working matrices...done (9006ms) 
   -calc level 0 ridge...done (5852ms) 
 block [397] : 1000 snps  (31832ms) 
   -residualizing and scaling genotypes...done (14974ms) 
   -calc working matrices...done (10727ms) 
   -calc level 0 ridge...done (5994ms) 
 block [398] : 1000 snps  (32522ms) 
   -residualizing and scaling genotypes...done (15319ms) 
   -calc working matrices...done (9851ms) 
   -calc level 0 ridge...done (6106ms) 
 block [399] : 1000 snps  (32263ms) 
   -residualizing and scaling genotypes...done (14592ms) 
   -calc working matrices...done (9301ms) 
   -calc level 0 ridge...done (6543ms) 
 block [400] : 1000 snps  (32745ms) 
   -residualizing and scaling genotypes...done (13971ms) 
   -calc working matrices...done (9087ms) 
   -calc level 0 ridge...done (6824ms) 
 block [401] : 1000 snps  (32977ms) 
   -residualizing and scaling genotypes...done (14066ms) 
   -calc working matrices...done (9075ms) 
   -calc level 0 ridge...done (6734ms) 
 block [402] : 1000 snps  (32431ms) 
   -residualizing and scaling genotypes...done (13804ms) 
   -calc working matrices...done (8950ms) 
   -calc level 0 ridge...done (6485ms) 
 block [403] : 1000 snps  (32042ms) 
   -residualizing and scaling genotypes...done (13830ms) 
   -calc working matrices...done (9378ms) 
   -calc level 0 ridge...done (6013ms) 
 block [404] : 1000 snps  (29010ms) 
   -residualizing and scaling genotypes...done (13674ms) 
   -calc working matrices...done (9156ms) 
   -calc level 0 ridge...done (6570ms) 
 block [405] : 1000 snps  (32137ms) 
   -residualizing and scaling genotypes...done (13641ms) 
   -calc working matrices...done (9113ms) 
   -calc level 0 ridge...done (6186ms) 
 block [406] : 185 snps  (5220ms) 
   -residualizing and scaling genotypes...done (2351ms) 
   -calc working matrices...done (1401ms) 
   -calc level 0 ridge...done (511ms) 
Chromosome 19
 block [407] : 1000 snps  (28541ms) 
   -residualizing and scaling genotypes...done (12687ms) 
   -calc working matrices...done (8927ms) 
   -calc level 0 ridge...done (6097ms) 
 block [408] : 1000 snps  (31799ms) 
   -residualizing and scaling genotypes...done (13337ms) 
   -calc working matrices...done (8918ms) 
   -calc level 0 ridge...done (6058ms) 
 block [409] : 1000 snps  (31981ms) 
   -residualizing and scaling genotypes...done (13898ms) 
   -calc working matrices...done (9032ms) 
   -calc level 0 ridge...done (6217ms) 
 block [410] : 1000 snps  (32304ms) 
   -residualizing and scaling genotypes...done (13211ms) 
   -calc working matrices...done (8864ms) 
   -calc level 0 ridge...done (6355ms) 
 block [411] : 1000 snps  (32937ms) 
   -residualizing and scaling genotypes...done (13646ms) 
   -calc working matrices...done (9068ms) 
   -calc level 0 ridge...done (6130ms) 
 block [412] : 1000 snps  (32637ms) 
   -residualizing and scaling genotypes...done (19123ms) 
   -calc working matrices...done (9340ms) 
   -calc level 0 ridge...done (6345ms) 
 block [413] : 1000 snps  (32024ms) 
   -residualizing and scaling genotypes...done (22384ms) 
   -calc working matrices...done (9119ms) 
   -calc level 0 ridge...done (6260ms) 
 block [414] : 1000 snps  (32528ms) 
   -residualizing and scaling genotypes...done (14511ms) 
   -calc working matrices...done (8986ms) 
   -calc level 0 ridge...done (5874ms) 
 block [415] : 1000 snps  (32161ms) 
   -residualizing and scaling genotypes...done (13843ms) 
   -calc working matrices...done (8770ms) 
   -calc level 0 ridge...done (6370ms) 
 block [416] : 1000 snps  (32217ms) 
   -residualizing and scaling genotypes...done (14044ms) 
   -calc working matrices...done (9001ms) 
   -calc level 0 ridge...done (6479ms) 
 block [417] : 1000 snps  (32267ms) 
   -residualizing and scaling genotypes...done (13310ms) 
   -calc working matrices...done (8864ms) 
   -calc level 0 ridge...done (5624ms) 
 block [418] : 674 snps  (20471ms) 
   -residualizing and scaling genotypes...done (9787ms) 
   -calc working matrices...done (4770ms) 
   -calc level 0 ridge...done (2693ms) 
Chromosome 20
 block [419] : 1000 snps  (29915ms) 
   -residualizing and scaling genotypes...done (13395ms) 
   -calc working matrices...done (8999ms) 
   -calc level 0 ridge...done (6397ms) 
 block [420] : 1000 snps  (32008ms) 
   -residualizing and scaling genotypes...done (13615ms) 
   -calc working matrices...done (9133ms) 
   -calc level 0 ridge...done (6117ms) 
 block [421] : 1000 snps  (31888ms) 
   -residualizing and scaling genotypes...done (13902ms) 
   -calc working matrices...done (9017ms) 
   -calc level 0 ridge...done (6095ms) 
 block [422] : 1000 snps  (31975ms) 
   -residualizing and scaling genotypes...done (20459ms) 
   -calc working matrices...done (9008ms) 
   -calc level 0 ridge...done (6381ms) 
 block [423] : 1000 snps  (32358ms) 
   -residualizing and scaling genotypes...done (14706ms) 
   -calc working matrices...done (9159ms) 
   -calc level 0 ridge...done (6417ms) 
 block [424] : 1000 snps  (32548ms) 
   -residualizing and scaling genotypes...done (14144ms) 
   -calc working matrices...done (9264ms) 
   -calc level 0 ridge...done (6312ms) 
 block [425] : 1000 snps  (32244ms) 
   -residualizing and scaling genotypes...done (15320ms) 
   -calc working matrices...done (9128ms) 
   -calc level 0 ridge...done (6467ms) 
 block [426] : 1000 snps  (34946ms) 
   -residualizing and scaling genotypes...done (14897ms) 
   -calc working matrices...done (9203ms) 
   -calc level 0 ridge...done (6316ms) 
 block [427] : 1000 snps  (32101ms) 
   -residualizing and scaling genotypes...done (12907ms) 
   -calc working matrices...done (9038ms) 
   -calc level 0 ridge...done (5881ms) 
 block [428] : 1000 snps  (32019ms) 
   -residualizing and scaling genotypes...done (13585ms) 
   -calc working matrices...done (9059ms) 
   -calc level 0 ridge...done (6715ms) 
 block [429] : 1000 snps  (32687ms) 
   -residualizing and scaling genotypes...done (14302ms) 
   -calc working matrices...done (9061ms) 
   -calc level 0 ridge...