MetaAnalysis Helper - (c) 2007 - 2009 Goncalo Abecasis
This version released on 2011-03-25

# This program faciliates meta-analysis of genome-wide association studies.
# Commonly used commands are listed below:
#
# Options for describing input files ...
#   SEPARATOR        [WHITESPACE|COMMA|BOTH|TAB] (default = WHITESPACE)
#   COLUMNCOUNTING   [STRICT|LENIENT]            (default = 'STRICT')
#   MARKERLABEL      [LABEL]                     (default = 'MARKER')
#   ALLELELABELS     [LABEL1 LABEL2]             (default = 'ALLELE1','ALLELE2')
#   EFFECTLABEL      [LABEL|log(LABEL)]          (default = 'EFFECT')
#   FLIP
#
# Options for filtering input files ...
#   ADDFILTER        [LABEL CONDITION VALUE]     (example = ADDFILTER N > 10)
#                    (available conditions are <, >, <=, >=, =, !=, IN)
#   REMOVEFILTERS
#
# Options for sample size weighted meta-analysis ...
#   WEIGHTLABEL      [LABEL]                     (default = 'N')
#   PVALUELABEL      [LABEL]                     (default = 'PVALUE')
#   DEFAULTWEIGHT    [NUMBER]                    (default = 1.0)
#   MINWEIGHT        [NUMBER]                    (default = 1.0)
#
# Options for inverse variance weighted meta-analysis ...
#   STDERRLABEL      [LABEL]                     (default = 'STDERR')
#   SCHEME           [SAMPLESIZE|STDERR]         (default = SAMPLESIZE)
#
# Options to enable tracking of allele frequencies ...
#   AVERAGEFREQ      [ON|OFF]                    (default = OFF)
#   MINMAXFREQ       [ON|OFF]                    (default = OFF)
#   FREQLABEL        [LABEL]                     (default = 'FREQ')
#
# Options to enable tracking of user defined variables ...
#   CUSTOMVARIABLE   [VARNAME]
#   LABEL            [VARNAME] AS [HEADER]
#
# Options to enable explicit strand information ...
#   USESTRAND        [ON|OFF]                    (default = OFF)
#   STRANDLABEL      [LABEL]                     (default = 'STRAND')
#
# Automatic genomic control correction of input statistics ...
#   GENOMICCONTROL   [ON|OFF|VALUE|LIST snps.txt](default = OFF)
#
# Options for general analysis control ...
#   PROCESSFILE      [FILENAME]
#   OUTFILE          [PREFIX SUFFIX]             (default = 'METAANALYSIS','.TBL')
#   MAXWARNINGS      [NUMBER]                    (default = 20)
#   VERBOSE          [ON|OFF]                    (default = 'OFF')
#   LOGPVALUE        [ON|OFF]                    (default = 'OFF')
#   ANALYZE          [HETEROGENEITY]
#   CLEAR

# Options for general run control ...
#   SOURCE           [SCRIPTFILE]
#   RETURN
#   QUIT

# Processing commands in /home/ubuntu/biroli/geighei/code/GWAS_cleaning/Meta_analysis/metal_commands/drinkWeek_metal.txt ...
## Set marker header to SNP ...
## Set default weight to 1039210.00 ...
## Set weight header to N ...
## Set allele headers to A1 and A2 ...
## Set p-value header to P ...
## Set effect header to BETA ...
###########################################################################
## Processing file '/home/ubuntu/biroli/geighei/data/GWAS_sumstats/clean/rGE/drinkWeek.sumstats'
## WARNING: Marker 'rs568519735' duplicated in input, first instance used, others skipped
## Processed 11907804 markers ...

## Set marker header to SNP ...
## LENIENT MODE: Input lines can include extra columns, which will be ignored
## Set weight header to im.num.0 ...
## Set allele headers to A1 and A2 ...
## Set p-value header to pvalue ...
## Set effect header to effect ...
###########################################################################
## Processing file '/home/ubuntu/biroli/geighei/data/GWAS_sumstats/clean/23andMe/GSCAN_drinking_per_week_tx.dat'
## WARNING: Bad alleles for marker 'rs184405692', expecting 'a/c' found 'x/y'
## WARNING: Bad alleles for marker 'rs112402989', expecting 'a/g' found 'x/y'
## Processed 14715959 markers ...

## Set output file prefix and suffix to /home/ubuntu/biroli/geighei/data/GWAS_sumstats/clean/metaOutput/drinkWeek_GSES_meta23_ and .tbl ...
###########################################################################
## Executing meta-analysis ...
## Complete results will be stored in file '/home/ubuntu/biroli/geighei/data/GWAS_sumstats/clean/metaOutput/drinkWeek_GSES_meta23_1.tbl'
## Column descriptions will be stored in file '/home/ubuntu/biroli/geighei/data/GWAS_sumstats/clean/metaOutput/drinkWeek_GSES_meta23_1.tbl.info'
## Completed meta-analysis for 16162699 markers!
## Smallest p-value is 2.27e-374 at marker 'rs1229984'

## Clearing all stored statistics ...
# Clearing user defined filters ...
