MetaAnalysis Helper - (c) 2007 - 2009 Goncalo Abecasis
This version released on 2011-03-25

# This program faciliates meta-analysis of genome-wide association studies.
# Commonly used commands are listed below:
#
# Options for describing input files ...
#   SEPARATOR        [WHITESPACE|COMMA|BOTH|TAB] (default = WHITESPACE)
#   COLUMNCOUNTING   [STRICT|LENIENT]            (default = 'STRICT')
#   MARKERLABEL      [LABEL]                     (default = 'MARKER')
#   ALLELELABELS     [LABEL1 LABEL2]             (default = 'ALLELE1','ALLELE2')
#   EFFECTLABEL      [LABEL|log(LABEL)]          (default = 'EFFECT')
#   FLIP
#
# Options for filtering input files ...
#   ADDFILTER        [LABEL CONDITION VALUE]     (example = ADDFILTER N > 10)
#                    (available conditions are <, >, <=, >=, =, !=, IN)
#   REMOVEFILTERS
#
# Options for sample size weighted meta-analysis ...
#   WEIGHTLABEL      [LABEL]                     (default = 'N')
#   PVALUELABEL      [LABEL]                     (default = 'PVALUE')
#   DEFAULTWEIGHT    [NUMBER]                    (default = 1.0)
#   MINWEIGHT        [NUMBER]                    (default = 1.0)
#
# Options for inverse variance weighted meta-analysis ...
#   STDERRLABEL      [LABEL]                     (default = 'STDERR')
#   SCHEME           [SAMPLESIZE|STDERR]         (default = SAMPLESIZE)
#
# Options to enable tracking of allele frequencies ...
#   AVERAGEFREQ      [ON|OFF]                    (default = OFF)
#   MINMAXFREQ       [ON|OFF]                    (default = OFF)
#   FREQLABEL        [LABEL]                     (default = 'FREQ')
#
# Options to enable tracking of user defined variables ...
#   CUSTOMVARIABLE   [VARNAME]
#   LABEL            [VARNAME] AS [HEADER]
#
# Options to enable explicit strand information ...
#   USESTRAND        [ON|OFF]                    (default = OFF)
#   STRANDLABEL      [LABEL]                     (default = 'STRAND')
#
# Automatic genomic control correction of input statistics ...
#   GENOMICCONTROL   [ON|OFF|VALUE|LIST snps.txt](default = OFF)
#
# Options for general analysis control ...
#   PROCESSFILE      [FILENAME]
#   OUTFILE          [PREFIX SUFFIX]             (default = 'METAANALYSIS','.TBL')
#   MAXWARNINGS      [NUMBER]                    (default = 20)
#   VERBOSE          [ON|OFF]                    (default = 'OFF')
#   LOGPVALUE        [ON|OFF]                    (default = 'OFF')
#   ANALYZE          [HETEROGENEITY]
#   CLEAR

# Options for general run control ...
#   SOURCE           [SCRIPTFILE]
#   RETURN
#   QUIT

# Processing commands in /home/ubuntu/biroli/geighei/code/GWAS_cleaning/Meta_analysis/metal_commands/perseveranceLack_metal.txt ...
## Set marker header to SNP ...
## Set default weight to 22861.00 ...
## Set weight header to N ...
## Set allele headers to A1 and A2 ...
## Set p-value header to P ...
## Set effect header to BETA ...
###########################################################################
## Processing file '/home/ubuntu/biroli/geighei/data/GWAS_sumstats/clean/rGE/perseveranceLack.sumstats'
## WARNING: No 'N' column found -- using DEFAULTWEIGHT = 22861
## Processed 10000 markers ...

## Set marker header to SNP ...
## LENIENT MODE: Input lines can include extra columns, which will be ignored
## Set weight header to im.num.0 ...
## Set allele headers to A1 and A2 ...
## Set p-value header to pvalue ...
## Set effect header to effect ...
###########################################################################
## Processing file '/home/ubuntu/biroli/geighei/data/GWAS_sumstats/clean/23andMe/MCQ_mean_Log10_K_DecisionMaking_Filtered.5.1.dat'
## WARNING: Bad alleles for marker 'rs139376790', expecting 'na/na' found 'd/i'
## WARNING: Bad alleles for marker 'rs33937111', expecting 'na/na' found 'd/i'
## WARNING: Bad alleles for marker 'rs77229075', expecting 'na/na' found 'd/i'
## WARNING: Bad alleles for marker 'rs201737335', expecting 'na/na' found 'd/i'
## WARNING: Bad alleles for marker 'rs59052781', expecting 'na/na' found 'd/i'
## WARNING: Bad alleles for marker 'rs200620092', expecting 'na/na' found 'd/i'
## WARNING: Bad alleles for marker 'rs202139388', expecting 'na/na' found 'd/i'
## WARNING: Bad alleles for marker 'rs35796081', expecting 'na/na' found 'd/i'
## WARNING: Bad alleles for marker 'rs200574131', expecting 'na/na' found 'd/i'
## WARNING: Bad alleles for marker 'rs202154959', expecting 'na/na' found 'd/i'
## WARNING: Bad alleles for marker 'rs79588010', expecting 'na/na' found 'd/i'
## WARNING: Bad alleles for marker 'rs34495254', expecting 'na/na' found 'd/i'
## WARNING: Bad alleles for marker 'rs138178761', expecting 'na/na' found 'd/i'
## WARNING: Bad alleles for marker 'rs201647396', expecting 'na/na' found 'd/i'
## WARNING: Bad alleles for marker 'rs138698725', expecting 'na/na' found 'd/i'
## WARNING: Bad alleles for marker 'rs202058433', expecting 'na/na' found 'd/i'
## WARNING: Bad alleles for marker 'rs200283716', expecting 'na/na' found 'd/i'
## WARNING: Bad alleles for marker 'rs71788656', expecting 'na/na' found 'd/i'
## WARNING: Bad alleles for marker 'rs145604727', expecting 'na/na' found 'd/i'
## WARNING: Bad alleles for marker 'rs5773037', expecting 'na/na' found 'd/i'
## WARNING: Allele names don't match previous occurences at 599 additional markers
## Processed 11507575 markers ...

## Set output file prefix and suffix to /home/ubuntu/biroli/geighei/data/GWAS_sumstats/clean/metaOutput/perseveranceLack_GSES_meta23_ and .tbl ...
###########################################################################
## Executing meta-analysis ...
## Complete results will be stored in file '/home/ubuntu/biroli/geighei/data/GWAS_sumstats/clean/metaOutput/perseveranceLack_GSES_meta23_1.tbl'
## Column descriptions will be stored in file '/home/ubuntu/biroli/geighei/data/GWAS_sumstats/clean/metaOutput/perseveranceLack_GSES_meta23_1.tbl.info'
## Completed meta-analysis for 11508185 markers!
## Smallest p-value is 1.668e-08 at marker 'rs6528024'

## Clearing all stored statistics ...
# Clearing user defined filters ...
