MetaAnalysis Helper - (c) 2007 - 2009 Goncalo Abecasis
This version released on 2011-03-25

# This program faciliates meta-analysis of genome-wide association studies.
# Commonly used commands are listed below:
#
# Options for describing input files ...
#   SEPARATOR        [WHITESPACE|COMMA|BOTH|TAB] (default = WHITESPACE)
#   COLUMNCOUNTING   [STRICT|LENIENT]            (default = 'STRICT')
#   MARKERLABEL      [LABEL]                     (default = 'MARKER')
#   ALLELELABELS     [LABEL1 LABEL2]             (default = 'ALLELE1','ALLELE2')
#   EFFECTLABEL      [LABEL|log(LABEL)]          (default = 'EFFECT')
#   FLIP
#
# Options for filtering input files ...
#   ADDFILTER        [LABEL CONDITION VALUE]     (example = ADDFILTER N > 10)
#                    (available conditions are <, >, <=, >=, =, !=, IN)
#   REMOVEFILTERS
#
# Options for sample size weighted meta-analysis ...
#   WEIGHTLABEL      [LABEL]                     (default = 'N')
#   PVALUELABEL      [LABEL]                     (default = 'PVALUE')
#   DEFAULTWEIGHT    [NUMBER]                    (default = 1.0)
#   MINWEIGHT        [NUMBER]                    (default = 1.0)
#
# Options for inverse variance weighted meta-analysis ...
#   STDERRLABEL      [LABEL]                     (default = 'STDERR')
#   SCHEME           [SAMPLESIZE|STDERR]         (default = SAMPLESIZE)
#
# Options to enable tracking of allele frequencies ...
#   AVERAGEFREQ      [ON|OFF]                    (default = OFF)
#   MINMAXFREQ       [ON|OFF]                    (default = OFF)
#   FREQLABEL        [LABEL]                     (default = 'FREQ')
#
# Options to enable tracking of user defined variables ...
#   CUSTOMVARIABLE   [VARNAME]
#   LABEL            [VARNAME] AS [HEADER]
#
# Options to enable explicit strand information ...
#   USESTRAND        [ON|OFF]                    (default = OFF)
#   STRANDLABEL      [LABEL]                     (default = 'STRAND')
#
# Automatic genomic control correction of input statistics ...
#   GENOMICCONTROL   [ON|OFF|VALUE|LIST snps.txt](default = OFF)
#
# Options for general analysis control ...
#   PROCESSFILE      [FILENAME]
#   OUTFILE          [PREFIX SUFFIX]             (default = 'METAANALYSIS','.TBL')
#   MAXWARNINGS      [NUMBER]                    (default = 20)
#   VERBOSE          [ON|OFF]                    (default = 'OFF')
#   LOGPVALUE        [ON|OFF]                    (default = 'OFF')
#   ANALYZE          [HETEROGENEITY]
#   CLEAR

# Options for general run control ...
#   SOURCE           [SCRIPTFILE]
#   RETURN
#   QUIT

# Processing commands in /home/ubuntu/biroli/geighei/code/GWAS_cleaning/Meta_analysis/metal_commands/risk_metal.txt ...
## Set marker header to SNP ...
## Set default weight to 466571.00 ...
## Set weight header to N ...
## Set allele headers to A1 and A2 ...
## Set p-value header to P ...
## Set effect header to BETA ...
###########################################################################
## Processing file '/home/ubuntu/biroli/geighei/data/GWAS_sumstats/clean/rGE/risk.sumstats'
## WARNING: No 'N' column found -- using DEFAULTWEIGHT = 466571
## WARNING: Marker 'rs146495449' duplicated in input, first instance used, others skipped
## Processed 11417255 markers ...

## Set marker header to SNP ...
## LENIENT MODE: Input lines can include extra columns, which will be ignored
## Set weight header to im.num.0 ...
## Set allele headers to A1 and A2 ...
## Set p-value header to pvalue ...
## Set effect header to effect ...
###########################################################################
## Processing file '/home/ubuntu/biroli/geighei/data/GWAS_sumstats/clean/23andMe/risk_preferences.dat'
## WARNING: Bad alleles for marker 'rs117232355', expecting 'a/c' found 'a/g'
## WARNING: Bad alleles for marker 'rs2802340', expecting 'a/t' found 'a/g'
## WARNING: Bad alleles for marker 'rs115841782', expecting 'a/c' found 'c/g'
## WARNING: Bad alleles for marker 'rs17101261', expecting 'a/g' found 'a/c'
## WARNING: Bad alleles for marker 'rs12027636', expecting 'a/t' found 'a/g'
## WARNING: Bad alleles for marker 'rs186516802', expecting 'c/g' found 'a/g'
## WARNING: Bad alleles for marker 'rs3066510', expecting 'a/c' found 'd/i'
## WARNING: Bad alleles for marker 'rs140602714', expecting 'a/c' found 'a/g'
## WARNING: Bad alleles for marker 'rs75418714', expecting 'a/g' found 'a/c'
## WARNING: Bad alleles for marker 'rs56388120', expecting 'c/g' found 'a/g'
## WARNING: Bad alleles for marker 'rs115388550', expecting 'a/g' found 'a/c'
## WARNING: Bad alleles for marker 'rs79562395', expecting 'a/c' found 'a/g'
## WARNING: Bad alleles for marker 'rs74130943', expecting 'a/g' found 'a/t'
## WARNING: Bad alleles for marker 'rs184657175', expecting 'a/g' found 'a/c'
## WARNING: Bad alleles for marker 'rs74156426', expecting 'a/c' found 'a/g'
## WARNING: Bad alleles for marker 'rs2919488', expecting 'a/t' found 'a/c'
## WARNING: Bad alleles for marker 'rs1349672', expecting 'a/c' found 'c/g'
## WARNING: Bad alleles for marker 'rs141017039', expecting 'a/g' found 'a/c'
## WARNING: Bad alleles for marker 'rs2488468', expecting 'a/c' found 'd/i'
## WARNING: Bad alleles for marker 'rs822734', expecting 'a/g' found 'a/c'
## WARNING: Allele names don't match previous occurences at 333 additional markers
## Processed 11507870 markers ...

## Set output file prefix and suffix to /home/ubuntu/biroli/geighei/data/GWAS_sumstats/clean/metalOutput/risk_GSES_meta23_ and .tbl ...
###########################################################################
## Executing meta-analysis ...
## Complete results will be stored in file '/home/ubuntu/biroli/geighei/data/GWAS_sumstats/clean/metalOutput/risk_GSES_meta23_1.tbl'
## Column descriptions will be stored in file '/home/ubuntu/biroli/geighei/data/GWAS_sumstats/clean/metalOutput/risk_GSES_meta23_1.tbl.info'
## Completed meta-analysis for 13864121 markers!
## Smallest p-value is 1.608e-34 at marker 'rs62250712'

## Clearing all stored statistics ...
# Clearing user defined filters ...
